{"/Users/chenhaoran/工程文件/心理大赛/worker/src/index.ts": {"path":"/Users/chenhaoran/工程文件/心理大赛/worker/src/index.ts","statementMap":{"0":{"start":{"line":11,"column":12},"end":{"line":11,"column":null}},"1":{"start":{"line":14,"column":0},"end":{"line":14,"column":null}},"2":{"start":{"line":17,"column":0},"end":{"line":17,"column":null}},"3":{"start":{"line":17,"column":20},"end":{"line":17,"column":80}},"4":{"start":{"line":20,"column":0},"end":{"line":20,"column":null}},"5":{"start":{"line":21,"column":0},"end":{"line":21,"column":null}},"6":{"start":{"line":22,"column":0},"end":{"line":22,"column":null}},"7":{"start":{"line":23,"column":0},"end":{"line":23,"column":null}},"8":{"start":{"line":24,"column":0},"end":{"line":24,"column":null}},"9":{"start":{"line":25,"column":0},"end":{"line":25,"column":null}},"10":{"start":{"line":28,"column":0},"end":{"line":31,"column":null}},"11":{"start":{"line":29,"column":2},"end":{"line":29,"column":null}},"12":{"start":{"line":30,"column":2},"end":{"line":30,"column":null}}},"fnMap":{"0":{"name":"(anonymous_0)","decl":{"start":{"line":17,"column":8},"end":{"line":17,"column":14}},"loc":{"start":{"line":17,"column":20},"end":{"line":17,"column":80}},"line":17},"1":{"name":"(anonymous_1)","decl":{"start":{"line":28,"column":4},"end":{"line":28,"column":13}},"loc":{"start":{"line":28,"column":24},"end":{"line":31,"column":1}},"line":28}},"branchMap":{},"s":{"0":1,"1":1,"2":1,"3":0,"4":1,"5":1,"6":1,"7":1,"8":1,"9":1,"10":1,"11":0,"12":0},"f":{"0":0,"1":0},"b":{},"meta":{"lastBranch":0,"lastFunction":2,"lastStatement":13,"seen":{"s:11:12:11:Infinity":0,"s:14:0:14:Infinity":1,"s:17:0:17:Infinity":2,"f:17:8:17:14":0,"s:17:20:17:80":3,"s:20:0:20:Infinity":4,"s:21:0:21:Infinity":5,"s:22:0:22:Infinity":6,"s:23:0:23:Infinity":7,"s:24:0:24:Infinity":8,"s:25:0:25:Infinity":9,"s:28:0:31:Infinity":10,"f:28:4:28:13":1,"s:29:2:29:Infinity":11,"s:30:2:30:Infinity":12},"fnNames":{}}}
,"/Users/chenhaoran/工程文件/心理大赛/worker/src/lib/auth-utils.ts": {"path":"/Users/chenhaoran/工程文件/心理大赛/worker/src/lib/auth-utils.ts","statementMap":{"0":{"start":{"line":5,"column":31},"end":{"line":5,"column":null}},"1":{"start":{"line":6,"column":21},"end":{"line":6,"column":null}},"2":{"start":{"line":13,"column":2},"end":{"line":19,"column":null}},"3":{"start":{"line":14,"column":16},"end":{"line":14,"column":null}},"4":{"start":{"line":15,"column":4},"end":{"line":18,"column":null}},"5":{"start":{"line":21,"column":16},"end":{"line":21,"column":null}},"6":{"start":{"line":22,"column":2},"end":{"line":24,"column":null}},"7":{"start":{"line":23,"column":4},"end":{"line":23,"column":null}},"8":{"start":{"line":26,"column":48},"end":{"line":26,"column":null}},"9":{"start":{"line":30,"column":2},"end":{"line":36,"column":null}},"10":{"start":{"line":32,"column":4},"end":{"line":32,"column":null}},"11":{"start":{"line":33,"column":4},"end":{"line":33,"column":null}},"12":{"start":{"line":35,"column":4},"end":{"line":35,"column":null}},"13":{"start":{"line":38,"column":2},"end":{"line":40,"column":null}},"14":{"start":{"line":39,"column":4},"end":{"line":39,"column":null}},"15":{"start":{"line":43,"column":13},"end":{"line":43,"column":null}},"16":{"start":{"line":44,"column":14},"end":{"line":44,"column":null}},"17":{"start":{"line":45,"column":2},"end":{"line":55,"column":null}},"18":{"start":{"line":46,"column":4},"end":{"line":54,"column":null}},"19":{"start":{"line":47,"column":18},"end":{"line":47,"column":null}},"20":{"start":{"line":48,"column":19},"end":{"line":48,"column":null}},"21":{"start":{"line":49,"column":6},"end":{"line":49,"column":null}},"22":{"start":{"line":50,"column":6},"end":{"line":50,"column":null}},"23":{"start":{"line":51,"column":6},"end":{"line":51,"column":null}},"24":{"start":{"line":53,"column":6},"end":{"line":53,"column":null}},"25":{"start":{"line":57,"column":14},"end":{"line":57,"column":null}},"26":{"start":{"line":57,"column":37},"end":{"line":57,"column":57}},"27":{"start":{"line":58,"column":2},"end":{"line":60,"column":null}},"28":{"start":{"line":59,"column":4},"end":{"line":59,"column":null}},"29":{"start":{"line":64,"column":2},"end":{"line":74,"column":null}},"30":{"start":{"line":65,"column":4},"end":{"line":71,"column":null}},"31":{"start":{"line":73,"column":4},"end":{"line":73,"column":null}},"32":{"start":{"line":77,"column":18},"end":{"line":77,"column":null}},"33":{"start":{"line":78,"column":23},"end":{"line":78,"column":null}},"34":{"start":{"line":80,"column":21},"end":{"line":80,"column":null}},"35":{"start":{"line":81,"column":20},"end":{"line":81,"column":null}},"36":{"start":{"line":82,"column":2},"end":{"line":84,"column":null}},"37":{"start":{"line":82,"column":15},"end":{"line":82,"column":18}},"38":{"start":{"line":83,"column":4},"end":{"line":83,"column":null}},"39":{"start":{"line":86,"column":18},"end":{"line":91,"column":null}},"40":{"start":{"line":93,"column":2},"end":{"line":95,"column":null}},"41":{"start":{"line":94,"column":4},"end":{"line":94,"column":null}},"42":{"start":{"line":98,"column":22},"end":{"line":98,"column":null}},"43":{"start":{"line":99,"column":2},"end":{"line":101,"column":null}},"44":{"start":{"line":100,"column":4},"end":{"line":100,"column":null}},"45":{"start":{"line":103,"column":22},"end":{"line":103,"column":null}},"46":{"start":{"line":104,"column":2},"end":{"line":106,"column":null}},"47":{"start":{"line":105,"column":4},"end":{"line":105,"column":null}},"48":{"start":{"line":108,"column":2},"end":{"line":110,"column":null}},"49":{"start":{"line":109,"column":4},"end":{"line":109,"column":null}},"50":{"start":{"line":112,"column":2},"end":{"line":114,"column":null}},"51":{"start":{"line":113,"column":4},"end":{"line":113,"column":null}},"52":{"start":{"line":116,"column":2},"end":{"line":119,"column":null}},"53":{"start":{"line":127,"column":21},"end":{"line":127,"column":null}},"54":{"start":{"line":128,"column":2},"end":{"line":130,"column":null}},"55":{"start":{"line":129,"column":4},"end":{"line":129,"column":null}},"56":{"start":{"line":132,"column":16},"end":{"line":132,"column":null}},"57":{"start":{"line":133,"column":2},"end":{"line":140,"column":null}},"58":{"start":{"line":134,"column":17},"end":{"line":134,"column":null}},"59":{"start":{"line":135,"column":4},"end":{"line":135,"column":null}},"60":{"start":{"line":136,"column":4},"end":{"line":136,"column":null}},"61":{"start":{"line":138,"column":4},"end":{"line":138,"column":null}},"62":{"start":{"line":139,"column":4},"end":{"line":139,"column":null}}},"fnMap":{"0":{"name":"verifyFirebaseToken","decl":{"start":{"line":11,"column":22},"end":{"line":11,"column":42}},"loc":{"start":{"line":11,"column":111},"end":{"line":120,"column":null}},"line":11},"1":{"name":"(anonymous_1)","decl":{"start":{"line":57,"column":20},"end":{"line":57,"column":26}},"loc":{"start":{"line":57,"column":37},"end":{"line":57,"column":57}},"line":57},"2":{"name":"requireAuth","decl":{"start":{"line":126,"column":22},"end":{"line":126,"column":34}},"loc":{"start":{"line":126,"column":70},"end":{"line":141,"column":null}},"line":126}},"branchMap":{"0":{"loc":{"start":{"line":13,"column":2},"end":{"line":19,"column":null}},"type":"if","locations":[{"start":{"line":13,"column":2},"end":{"line":19,"column":null}},{"start":{},"end":{}}],"line":13},"1":{"loc":{"start":{"line":13,"column":6},"end":{"line":13,"column":85}},"type":"binary-expr","locations":[{"start":{"line":13,"column":6},"end":{"line":13,"column":52}},{"start":{"line":13,"column":52},"end":{"line":13,"column":85}}],"line":13},"2":{"loc":{"start":{"line":22,"column":2},"end":{"line":24,"column":null}},"type":"if","locations":[{"start":{"line":22,"column":2},"end":{"line":24,"column":null}},{"start":{},"end":{}}],"line":22},"3":{"loc":{"start":{"line":38,"column":2},"end":{"line":40,"column":null}},"type":"if","locations":[{"start":{"line":38,"column":2},"end":{"line":40,"column":null}},{"start":{},"end":{}}],"line":38},"4":{"loc":{"start":{"line":45,"column":2},"end":{"line":55,"column":null}},"type":"if","locations":[{"start":{"line":45,"column":2},"end":{"line":55,"column":null}},{"start":{},"end":{}}],"line":45},"5":{"loc":{"start":{"line":45,"column":6},"end":{"line":45,"column":47}},"type":"binary-expr","locations":[{"start":{"line":45,"column":6},"end":{"line":45,"column":15}},{"start":{"line":45,"column":15},"end":{"line":45,"column":47}}],"line":45},"6":{"loc":{"start":{"line":49,"column":13},"end":{"line":49,"column":null}},"type":"binary-expr","locations":[{"start":{"line":49,"column":13},"end":{"line":49,"column":26}},{"start":{"line":49,"column":26},"end":{"line":49,"column":null}}],"line":49},"7":{"loc":{"start":{"line":58,"column":2},"end":{"line":60,"column":null}},"type":"if","locations":[{"start":{"line":58,"column":2},"end":{"line":60,"column":null}},{"start":{},"end":{}}],"line":58},"8":{"loc":{"start":{"line":93,"column":2},"end":{"line":95,"column":null}},"type":"if","locations":[{"start":{"line":93,"column":2},"end":{"line":95,"column":null}},{"start":{},"end":{}}],"line":93},"9":{"loc":{"start":{"line":99,"column":2},"end":{"line":101,"column":null}},"type":"if","locations":[{"start":{"line":99,"column":2},"end":{"line":101,"column":null}},{"start":{},"end":{}}],"line":99},"10":{"loc":{"start":{"line":104,"column":2},"end":{"line":106,"column":null}},"type":"if","locations":[{"start":{"line":104,"column":2},"end":{"line":106,"column":null}},{"start":{},"end":{}}],"line":104},"11":{"loc":{"start":{"line":108,"column":2},"end":{"line":110,"column":null}},"type":"if","locations":[{"start":{"line":108,"column":2},"end":{"line":110,"column":null}},{"start":{},"end":{}}],"line":108},"12":{"loc":{"start":{"line":112,"column":2},"end":{"line":114,"column":null}},"type":"if","locations":[{"start":{"line":112,"column":2},"end":{"line":114,"column":null}},{"start":{},"end":{}}],"line":112},"13":{"loc":{"start":{"line":112,"column":6},"end":{"line":112,"column":55}},"type":"binary-expr","locations":[{"start":{"line":112,"column":6},"end":{"line":112,"column":22}},{"start":{"line":112,"column":22},"end":{"line":112,"column":55}}],"line":112},"14":{"loc":{"start":{"line":118,"column":11},"end":{"line":118,"column":null}},"type":"binary-expr","locations":[{"start":{"line":118,"column":11},"end":{"line":118,"column":28}},{"start":{"line":118,"column":28},"end":{"line":118,"column":null}}],"line":118},"15":{"loc":{"start":{"line":128,"column":2},"end":{"line":130,"column":null}},"type":"if","locations":[{"start":{"line":128,"column":2},"end":{"line":130,"column":null}},{"start":{},"end":{}}],"line":128},"16":{"loc":{"start":{"line":128,"column":6},"end":{"line":128,"column":56}},"type":"binary-expr","locations":[{"start":{"line":128,"column":6},"end":{"line":128,"column":21}},{"start":{"line":128,"column":21},"end":{"line":128,"column":56}}],"line":128}},"s":{"0":3,"1":3,"2":3,"3":3,"4":3,"5":0,"6":0,"7":0,"8":0,"9":0,"10":0,"11":0,"12":0,"13":0,"14":0,"15":0,"16":0,"17":0,"18":0,"19":0,"20":0,"21":0,"22":0,"23":0,"24":0,"25":0,"26":0,"27":3,"28":0,"29":0,"30":0,"31":0,"32":0,"33":0,"34":0,"35":0,"36":0,"37":0,"38":0,"39":0,"40":0,"41":0,"42":0,"43":0,"44":0,"45":0,"46":0,"47":0,"48":0,"49":0,"50":0,"51":0,"52":0,"53":3,"54":3,"55":0,"56":3,"57":3,"58":3,"59":3,"60":3,"61":0,"62":0},"f":{"0":3,"1":0,"2":3},"b":{"0":[3,0],"1":[3,3],"2":[0,0],"3":[0,0],"4":[0,0],"5":[0,0],"6":[0,0],"7":[0,3],"8":[0,0],"9":[0,0],"10":[0,0],"11":[0,0],"12":[0,0],"13":[0,0],"14":[0,0],"15":[0,3],"16":[3,3]},"meta":{"lastBranch":17,"lastFunction":3,"lastStatement":63,"seen":{"s:5:31:5:Infinity":0,"s:6:21:6:Infinity":1,"f:11:22:11:42":0,"b:13:2:19:Infinity:undefined:undefined:undefined:undefined":0,"s:13:2:19:Infinity":2,"b:13:6:13:52:13:52:13:85":1,"s:14:16:14:Infinity":3,"s:15:4:18:Infinity":4,"s:21:16:21:Infinity":5,"b:22:2:24:Infinity:undefined:undefined:undefined:undefined":2,"s:22:2:24:Infinity":6,"s:23:4:23:Infinity":7,"s:26:48:26:Infinity":8,"s:30:2:36:Infinity":9,"s:32:4:32:Infinity":10,"s:33:4:33:Infinity":11,"s:35:4:35:Infinity":12,"b:38:2:40:Infinity:undefined:undefined:undefined:undefined":3,"s:38:2:40:Infinity":13,"s:39:4:39:Infinity":14,"s:43:13:43:Infinity":15,"s:44:14:44:Infinity":16,"b:45:2:55:Infinity:undefined:undefined:undefined:undefined":4,"s:45:2:55:Infinity":17,"b:45:6:45:15:45:15:45:47":5,"s:46:4:54:Infinity":18,"s:47:18:47:Infinity":19,"s:48:19:48:Infinity":20,"s:49:6:49:Infinity":21,"b:49:13:49:26:49:26:49:Infinity":6,"s:50:6:50:Infinity":22,"s:51:6:51:Infinity":23,"s:53:6:53:Infinity":24,"s:57:14:57:Infinity":25,"f:57:20:57:26":1,"s:57:37:57:57":26,"b:58:2:60:Infinity:undefined:undefined:undefined:undefined":7,"s:58:2:60:Infinity":27,"s:59:4:59:Infinity":28,"s:64:2:74:Infinity":29,"s:65:4:71:Infinity":30,"s:73:4:73:Infinity":31,"s:77:18:77:Infinity":32,"s:78:23:78:Infinity":33,"s:80:21:80:Infinity":34,"s:81:20:81:Infinity":35,"s:82:2:84:Infinity":36,"s:82:15:82:18":37,"s:83:4:83:Infinity":38,"s:86:18:91:Infinity":39,"b:93:2:95:Infinity:undefined:undefined:undefined:undefined":8,"s:93:2:95:Infinity":40,"s:94:4:94:Infinity":41,"s:98:22:98:Infinity":42,"b:99:2:101:Infinity:undefined:undefined:undefined:undefined":9,"s:99:2:101:Infinity":43,"s:100:4:100:Infinity":44,"s:103:22:103:Infinity":45,"b:104:2:106:Infinity:undefined:undefined:undefined:undefined":10,"s:104:2:106:Infinity":46,"s:105:4:105:Infinity":47,"b:108:2:110:Infinity:undefined:undefined:undefined:undefined":11,"s:108:2:110:Infinity":48,"s:109:4:109:Infinity":49,"b:112:2:114:Infinity:undefined:undefined:undefined:undefined":12,"s:112:2:114:Infinity":50,"b:112:6:112:22:112:22:112:55":13,"s:113:4:113:Infinity":51,"s:116:2:119:Infinity":52,"b:118:11:118:28:118:28:118:Infinity":14,"f:126:22:126:34":2,"s:127:21:127:Infinity":53,"b:128:2:130:Infinity:undefined:undefined:undefined:undefined":15,"s:128:2:130:Infinity":54,"b:128:6:128:21:128:21:128:56":16,"s:129:4:129:Infinity":55,"s:132:16:132:Infinity":56,"s:133:2:140:Infinity":57,"s:134:17:134:Infinity":58,"s:135:4:135:Infinity":59,"s:136:4:136:Infinity":60,"s:138:4:138:Infinity":61,"s:139:4:139:Infinity":62},"fnNames":{}}}
,"/Users/chenhaoran/工程文件/心理大赛/worker/src/lib/cbt-stages.ts": {"path":"/Users/chenhaoran/工程文件/心理大赛/worker/src/lib/cbt-stages.ts","statementMap":{"0":{"start":{"line":7,"column":51},"end":{"line":32,"column":null}},"1":{"start":{"line":39,"column":29},"end":{"line":45,"column":null}},"2":{"start":{"line":47,"column":2},"end":{"line":52,"column":null}},"3":{"start":{"line":48,"column":21},"end":{"line":48,"column":null}},"4":{"start":{"line":49,"column":4},"end":{"line":51,"column":null}},"5":{"start":{"line":49,"column":28},"end":{"line":49,"column":45}},"6":{"start":{"line":50,"column":6},"end":{"line":50,"column":null}},"7":{"start":{"line":55,"column":33},"end":{"line":57,"column":null}},"8":{"start":{"line":58,"column":2},"end":{"line":58,"column":null}},"9":{"start":{"line":65,"column":40},"end":{"line":71,"column":null}},"10":{"start":{"line":72,"column":2},"end":{"line":72,"column":null}},"11":{"start":{"line":79,"column":29},"end":{"line":81,"column":null}},"12":{"start":{"line":82,"column":2},"end":{"line":82,"column":null}}},"fnMap":{"0":{"name":"detectStage","decl":{"start":{"line":38,"column":16},"end":{"line":38,"column":28}},"loc":{"start":{"line":38,"column":83},"end":{"line":59,"column":null}},"line":38},"1":{"name":"(anonymous_1)","decl":{"start":{"line":49,"column":17},"end":{"line":49,"column":22}},"loc":{"start":{"line":49,"column":28},"end":{"line":49,"column":45}},"line":49},"2":{"name":"stageToIndex","decl":{"start":{"line":64,"column":16},"end":{"line":64,"column":29}},"loc":{"start":{"line":64,"column":54},"end":{"line":73,"column":null}},"line":64},"3":{"name":"indexToStage","decl":{"start":{"line":78,"column":16},"end":{"line":78,"column":29}},"loc":{"start":{"line":78,"column":54},"end":{"line":83,"column":null}},"line":78}},"branchMap":{"0":{"loc":{"start":{"line":38,"column":42},"end":{"line":38,"column":83}},"type":"default-arg","locations":[{"start":{"line":38,"column":70},"end":{"line":38,"column":83}}],"line":38},"1":{"loc":{"start":{"line":49,"column":4},"end":{"line":51,"column":null}},"type":"if","locations":[{"start":{"line":49,"column":4},"end":{"line":51,"column":null}},{"start":{},"end":{}}],"line":49}},"s":{"0":4,"1":7,"2":7,"3":21,"4":21,"5":208,"6":6,"7":1,"8":1,"9":5,"10":5,"11":4,"12":4},"f":{"0":7,"1":208,"2":5,"3":4},"b":{"0":[7],"1":[6,15]},"meta":{"lastBranch":2,"lastFunction":4,"lastStatement":13,"seen":{"s:7:51:32:Infinity":0,"f:38:16:38:28":0,"b:38:70:38:83":0,"s:39:29:45:Infinity":1,"s:47:2:52:Infinity":2,"s:48:21:48:Infinity":3,"b:49:4:51:Infinity:undefined:undefined:undefined:undefined":1,"s:49:4:51:Infinity":4,"f:49:17:49:22":1,"s:49:28:49:45":5,"s:50:6:50:Infinity":6,"s:55:33:57:Infinity":7,"s:58:2:58:Infinity":8,"f:64:16:64:29":2,"s:65:40:71:Infinity":9,"s:72:2:72:Infinity":10,"f:78:16:78:29":3,"s:79:29:81:Infinity":11,"s:82:2:82:Infinity":12},"fnNames":{}}}
,"/Users/chenhaoran/工程文件/心理大赛/worker/src/lib/chunker.ts": {"path":"/Users/chenhaoran/工程文件/心理大赛/worker/src/lib/chunker.ts","statementMap":{"0":{"start":{"line":23,"column":48},"end":{"line":27,"column":null}},"1":{"start":{"line":38,"column":15},"end":{"line":38,"column":null}},"2":{"start":{"line":39,"column":34},"end":{"line":39,"column":null}},"3":{"start":{"line":40,"column":19},"end":{"line":40,"column":null}},"4":{"start":{"line":43,"column":19},"end":{"line":43,"column":null}},"5":{"start":{"line":45,"column":2},"end":{"line":82,"column":null}},"6":{"start":{"line":46,"column":34},"end":{"line":46,"column":null}},"7":{"start":{"line":47,"column":24},"end":{"line":47,"column":null}},"8":{"start":{"line":49,"column":4},"end":{"line":52,"column":null}},"9":{"start":{"line":51,"column":6},"end":{"line":51,"column":null}},"10":{"start":{"line":54,"column":4},"end":{"line":81,"column":null}},"11":{"start":{"line":56,"column":6},"end":{"line":63,"column":null}},"12":{"start":{"line":64,"column":6},"end":{"line":64,"column":null}},"13":{"start":{"line":67,"column":24},"end":{"line":67,"column":null}},"14":{"start":{"line":68,"column":6},"end":{"line":80,"column":null}},"15":{"start":{"line":69,"column":8},"end":{"line":79,"column":null}},"16":{"start":{"line":70,"column":10},"end":{"line":77,"column":null}},"17":{"start":{"line":78,"column":10},"end":{"line":78,"column":null}},"18":{"start":{"line":84,"column":2},"end":{"line":84,"column":null}},"19":{"start":{"line":101,"column":16},"end":{"line":101,"column":null}},"20":{"start":{"line":102,"column":30},"end":{"line":102,"column":null}},"21":{"start":{"line":104,"column":18},"end":{"line":104,"column":null}},"22":{"start":{"line":105,"column":18},"end":{"line":105,"column":null}},"23":{"start":{"line":106,"column":18},"end":{"line":106,"column":null}},"24":{"start":{"line":107,"column":30},"end":{"line":107,"column":null}},"25":{"start":{"line":109,"column":8},"end":{"line":119,"column":null}},"26":{"start":{"line":110,"column":17},"end":{"line":110,"column":null}},"27":{"start":{"line":111,"column":4},"end":{"line":117,"column":null}},"28":{"start":{"line":112,"column":24},"end":{"line":112,"column":null}},"29":{"start":{"line":113,"column":6},"end":{"line":116,"column":null}},"30":{"start":{"line":118,"column":4},"end":{"line":118,"column":null}},"31":{"start":{"line":121,"column":2},"end":{"line":141,"column":null}},"32":{"start":{"line":122,"column":20},"end":{"line":122,"column":null}},"33":{"start":{"line":123,"column":20},"end":{"line":123,"column":null}},"34":{"start":{"line":124,"column":20},"end":{"line":124,"column":null}},"35":{"start":{"line":126,"column":4},"end":{"line":140,"column":null}},"36":{"start":{"line":127,"column":6},"end":{"line":127,"column":null}},"37":{"start":{"line":128,"column":6},"end":{"line":128,"column":null}},"38":{"start":{"line":129,"column":6},"end":{"line":129,"column":null}},"39":{"start":{"line":130,"column":6},"end":{"line":130,"column":null}},"40":{"start":{"line":131,"column":11},"end":{"line":140,"column":null}},"41":{"start":{"line":132,"column":6},"end":{"line":132,"column":null}},"42":{"start":{"line":133,"column":6},"end":{"line":133,"column":null}},"43":{"start":{"line":134,"column":6},"end":{"line":134,"column":null}},"44":{"start":{"line":135,"column":11},"end":{"line":140,"column":null}},"45":{"start":{"line":136,"column":6},"end":{"line":136,"column":null}},"46":{"start":{"line":137,"column":6},"end":{"line":137,"column":null}},"47":{"start":{"line":139,"column":6},"end":{"line":139,"column":null}},"48":{"start":{"line":144,"column":2},"end":{"line":144,"column":null}},"49":{"start":{"line":146,"column":2},"end":{"line":146,"column":null}},"50":{"start":{"line":159,"column":29},"end":{"line":159,"column":null}},"51":{"start":{"line":160,"column":16},"end":{"line":160,"column":null}},"52":{"start":{"line":163,"column":30},"end":{"line":163,"column":null}},"53":{"start":{"line":164,"column":2},"end":{"line":169,"column":null}},"54":{"start":{"line":164,"column":15},"end":{"line":164,"column":18}},"55":{"start":{"line":165,"column":21},"end":{"line":165,"column":null}},"56":{"start":{"line":166,"column":4},"end":{"line":168,"column":null}},"57":{"start":{"line":167,"column":6},"end":{"line":167,"column":null}},"58":{"start":{"line":172,"column":27},"end":{"line":172,"column":null}},"59":{"start":{"line":173,"column":21},"end":{"line":173,"column":null}},"60":{"start":{"line":175,"column":2},"end":{"line":187,"column":null}},"61":{"start":{"line":176,"column":4},"end":{"line":186,"column":null}},"62":{"start":{"line":177,"column":6},"end":{"line":177,"column":null}},"63":{"start":{"line":179,"column":6},"end":{"line":183,"column":null}},"64":{"start":{"line":180,"column":8},"end":{"line":180,"column":null}},"65":{"start":{"line":182,"column":8},"end":{"line":182,"column":null}},"66":{"start":{"line":185,"column":6},"end":{"line":185,"column":null}},"67":{"start":{"line":189,"column":2},"end":{"line":191,"column":null}},"68":{"start":{"line":190,"column":4},"end":{"line":190,"column":null}},"69":{"start":{"line":193,"column":2},"end":{"line":193,"column":null}}},"fnMap":{"0":{"name":"chunkDocument","decl":{"start":{"line":32,"column":16},"end":{"line":32,"column":null}},"loc":{"start":{"line":37,"column":19},"end":{"line":85,"column":null}},"line":37},"1":{"name":"splitByHeadings","decl":{"start":{"line":100,"column":9},"end":{"line":100,"column":25}},"loc":{"start":{"line":100,"column":53},"end":{"line":147,"column":null}},"line":100},"2":{"name":"(anonymous_2)","decl":{"start":{"line":109,"column":8},"end":{"line":109,"column":29}},"loc":{"start":{"line":109,"column":29},"end":{"line":119,"column":null}},"line":109},"3":{"name":"splitBySentences","decl":{"start":{"line":153,"column":9},"end":{"line":153,"column":null}},"loc":{"start":{"line":157,"column":12},"end":{"line":194,"column":null}},"line":157}},"branchMap":{"0":{"loc":{"start":{"line":49,"column":4},"end":{"line":52,"column":null}},"type":"if","locations":[{"start":{"line":49,"column":4},"end":{"line":52,"column":null}},{"start":{},"end":{}}],"line":49},"1":{"loc":{"start":{"line":49,"column":8},"end":{"line":49,"column":64}},"type":"binary-expr","locations":[{"start":{"line":49,"column":8},"end":{"line":49,"column":24}},{"start":{"line":49,"column":24},"end":{"line":49,"column":64}}],"line":49},"2":{"loc":{"start":{"line":54,"column":4},"end":{"line":81,"column":null}},"type":"if","locations":[{"start":{"line":54,"column":4},"end":{"line":81,"column":null}},{"start":{"line":65,"column":11},"end":{"line":81,"column":null}}],"line":54},"3":{"loc":{"start":{"line":58,"column":17},"end":{"line":58,"column":null}},"type":"cond-expr","locations":[{"start":{"line":58,"column":31},"end":{"line":58,"column":68}},{"start":{"line":58,"column":68},"end":{"line":58,"column":null}}],"line":58},"4":{"loc":{"start":{"line":69,"column":8},"end":{"line":79,"column":null}},"type":"if","locations":[{"start":{"line":69,"column":8},"end":{"line":79,"column":null}},{"start":{},"end":{}}],"line":69},"5":{"loc":{"start":{"line":72,"column":21},"end":{"line":72,"column":null}},"type":"cond-expr","locations":[{"start":{"line":72,"column":35},"end":{"line":72,"column":71}},{"start":{"line":72,"column":71},"end":{"line":72,"column":null}}],"line":72},"6":{"loc":{"start":{"line":111,"column":4},"end":{"line":117,"column":null}},"type":"if","locations":[{"start":{"line":111,"column":4},"end":{"line":117,"column":null}},{"start":{},"end":{}}],"line":111},"7":{"loc":{"start":{"line":126,"column":4},"end":{"line":140,"column":null}},"type":"if","locations":[{"start":{"line":126,"column":4},"end":{"line":140,"column":null}},{"start":{"line":131,"column":11},"end":{"line":140,"column":null}}],"line":126},"8":{"loc":{"start":{"line":131,"column":11},"end":{"line":140,"column":null}},"type":"if","locations":[{"start":{"line":131,"column":11},"end":{"line":140,"column":null}},{"start":{"line":135,"column":11},"end":{"line":140,"column":null}}],"line":131},"9":{"loc":{"start":{"line":135,"column":11},"end":{"line":140,"column":null}},"type":"if","locations":[{"start":{"line":135,"column":11},"end":{"line":140,"column":null}},{"start":{"line":138,"column":11},"end":{"line":140,"column":null}}],"line":135},"10":{"loc":{"start":{"line":165,"column":33},"end":{"line":165,"column":null}},"type":"binary-expr","locations":[{"start":{"line":165,"column":33},"end":{"line":165,"column":49}},{"start":{"line":165,"column":49},"end":{"line":165,"column":null}}],"line":165},"11":{"loc":{"start":{"line":166,"column":4},"end":{"line":168,"column":null}},"type":"if","locations":[{"start":{"line":166,"column":4},"end":{"line":168,"column":null}},{"start":{},"end":{}}],"line":166},"12":{"loc":{"start":{"line":176,"column":4},"end":{"line":186,"column":null}},"type":"if","locations":[{"start":{"line":176,"column":4},"end":{"line":186,"column":null}},{"start":{"line":184,"column":11},"end":{"line":186,"column":null}}],"line":176},"13":{"loc":{"start":{"line":176,"column":8},"end":{"line":176,"column":84}},"type":"binary-expr","locations":[{"start":{"line":176,"column":8},"end":{"line":176,"column":59}},{"start":{"line":176,"column":59},"end":{"line":176,"column":84}}],"line":176},"14":{"loc":{"start":{"line":179,"column":6},"end":{"line":183,"column":null}},"type":"if","locations":[{"start":{"line":179,"column":6},"end":{"line":183,"column":null}},{"start":{"line":181,"column":13},"end":{"line":183,"column":null}}],"line":179},"15":{"loc":{"start":{"line":189,"column":2},"end":{"line":191,"column":null}},"type":"if","locations":[{"start":{"line":189,"column":2},"end":{"line":191,"column":null}},{"start":{},"end":{}}],"line":189}},"s":{"0":3,"1":0,"2":0,"3":0,"4":0,"5":0,"6":0,"7":0,"8":0,"9":0,"10":0,"11":0,"12":0,"13":0,"14":0,"15":0,"16":0,"17":0,"18":0,"19":0,"20":0,"21":0,"22":0,"23":0,"24":0,"25":0,"26":0,"27":0,"28":0,"29":0,"30":0,"31":0,"32":0,"33":0,"34":0,"35":0,"36":0,"37":0,"38":0,"39":0,"40":0,"41":0,"42":0,"43":0,"44":0,"45":0,"46":0,"47":0,"48":0,"49":0,"50":0,"51":0,"52":0,"53":0,"54":0,"55":0,"56":0,"57":0,"58":0,"59":0,"60":0,"61":0,"62":0,"63":0,"64":0,"65":0,"66":0,"67":0,"68":0,"69":0},"f":{"0":0,"1":0,"2":0,"3":0},"b":{"0":[0,0],"1":[0,0],"2":[0,0],"3":[0,0],"4":[0,0],"5":[0,0],"6":[0,0],"7":[0,0],"8":[0,0],"9":[0,0],"10":[0,0],"11":[0,0],"12":[0,0],"13":[0,0],"14":[0,0],"15":[0,0]},"meta":{"lastBranch":16,"lastFunction":4,"lastStatement":70,"seen":{"s:23:48:27:Infinity":0,"f:32:16:32:Infinity":0,"s:38:15:38:Infinity":1,"s:39:34:39:Infinity":2,"s:40:19:40:Infinity":3,"s:43:19:43:Infinity":4,"s:45:2:82:Infinity":5,"s:46:34:46:Infinity":6,"s:47:24:47:Infinity":7,"b:49:4:52:Infinity:undefined:undefined:undefined:undefined":0,"s:49:4:52:Infinity":8,"b:49:8:49:24:49:24:49:64":1,"s:51:6:51:Infinity":9,"b:54:4:81:Infinity:65:11:81:Infinity":2,"s:54:4:81:Infinity":10,"s:56:6:63:Infinity":11,"b:58:31:58:68:58:68:58:Infinity":3,"s:64:6:64:Infinity":12,"s:67:24:67:Infinity":13,"s:68:6:80:Infinity":14,"b:69:8:79:Infinity:undefined:undefined:undefined:undefined":4,"s:69:8:79:Infinity":15,"s:70:10:77:Infinity":16,"b:72:35:72:71:72:71:72:Infinity":5,"s:78:10:78:Infinity":17,"s:84:2:84:Infinity":18,"f:100:9:100:25":1,"s:101:16:101:Infinity":19,"s:102:30:102:Infinity":20,"s:104:18:104:Infinity":21,"s:105:18:105:Infinity":22,"s:106:18:106:Infinity":23,"s:107:30:107:Infinity":24,"s:109:8:119:Infinity":25,"f:109:8:109:29":2,"s:110:17:110:Infinity":26,"b:111:4:117:Infinity:undefined:undefined:undefined:undefined":6,"s:111:4:117:Infinity":27,"s:112:24:112:Infinity":28,"s:113:6:116:Infinity":29,"s:118:4:118:Infinity":30,"s:121:2:141:Infinity":31,"s:122:20:122:Infinity":32,"s:123:20:123:Infinity":33,"s:124:20:124:Infinity":34,"b:126:4:140:Infinity:131:11:140:Infinity":7,"s:126:4:140:Infinity":35,"s:127:6:127:Infinity":36,"s:128:6:128:Infinity":37,"s:129:6:129:Infinity":38,"s:130:6:130:Infinity":39,"b:131:11:140:Infinity:135:11:140:Infinity":8,"s:131:11:140:Infinity":40,"s:132:6:132:Infinity":41,"s:133:6:133:Infinity":42,"s:134:6:134:Infinity":43,"b:135:11:140:Infinity:138:11:140:Infinity":9,"s:135:11:140:Infinity":44,"s:136:6:136:Infinity":45,"s:137:6:137:Infinity":46,"s:139:6:139:Infinity":47,"s:144:2:144:Infinity":48,"s:146:2:146:Infinity":49,"f:153:9:153:Infinity":3,"s:159:29:159:Infinity":50,"s:160:16:160:Infinity":51,"s:163:30:163:Infinity":52,"s:164:2:169:Infinity":53,"s:164:15:164:18":54,"s:165:21:165:Infinity":55,"b:165:33:165:49:165:49:165:Infinity":10,"b:166:4:168:Infinity:undefined:undefined:undefined:undefined":11,"s:166:4:168:Infinity":56,"s:167:6:167:Infinity":57,"s:172:27:172:Infinity":58,"s:173:21:173:Infinity":59,"s:175:2:187:Infinity":60,"b:176:4:186:Infinity:184:11:186:Infinity":12,"s:176:4:186:Infinity":61,"b:176:8:176:59:176:59:176:84":13,"s:177:6:177:Infinity":62,"b:179:6:183:Infinity:181:13:183:Infinity":14,"s:179:6:183:Infinity":63,"s:180:8:180:Infinity":64,"s:182:8:182:Infinity":65,"s:185:6:185:Infinity":66,"b:189:2:191:Infinity:undefined:undefined:undefined:undefined":15,"s:189:2:191:Infinity":67,"s:190:4:190:Infinity":68,"s:193:2:193:Infinity":69},"fnNames":{}}}
,"/Users/chenhaoran/工程文件/心理大赛/worker/src/lib/fsm.ts": {"path":"/Users/chenhaoran/工程文件/心理大赛/worker/src/lib/fsm.ts","statementMap":{"0":{"start":{"line":32,"column":38},"end":{"line":39,"column":null}},"1":{"start":{"line":103,"column":2},"end":{"line":118,"column":null}},"2":{"start":{"line":143,"column":27},"end":{"line":143,"column":null}},"3":{"start":{"line":146,"column":2},"end":{"line":152,"column":null}},"4":{"start":{"line":147,"column":4},"end":{"line":151,"column":null}},"5":{"start":{"line":155,"column":2},"end":{"line":161,"column":null}},"6":{"start":{"line":156,"column":4},"end":{"line":160,"column":null}},"7":{"start":{"line":164,"column":2},"end":{"line":186,"column":null}},"8":{"start":{"line":166,"column":6},"end":{"line":166,"column":null}},"9":{"start":{"line":169,"column":6},"end":{"line":169,"column":null}},"10":{"start":{"line":172,"column":6},"end":{"line":172,"column":null}},"11":{"start":{"line":175,"column":6},"end":{"line":175,"column":null}},"12":{"start":{"line":178,"column":6},"end":{"line":178,"column":null}},"13":{"start":{"line":181,"column":6},"end":{"line":185,"column":null}},"14":{"start":{"line":199,"column":2},"end":{"line":210,"column":null}},"15":{"start":{"line":200,"column":4},"end":{"line":209,"column":null}},"16":{"start":{"line":213,"column":2},"end":{"line":224,"column":null}},"17":{"start":{"line":214,"column":4},"end":{"line":223,"column":null}},"18":{"start":{"line":226,"column":2},"end":{"line":230,"column":null}},"19":{"start":{"line":238,"column":21},"end":{"line":238,"column":null}},"20":{"start":{"line":239,"column":16},"end":{"line":239,"column":null}},"21":{"start":{"line":243,"column":2},"end":{"line":249,"column":null}},"22":{"start":{"line":244,"column":4},"end":{"line":248,"column":null}},"23":{"start":{"line":252,"column":2},"end":{"line":283,"column":null}},"24":{"start":{"line":255,"column":4},"end":{"line":261,"column":null}},"25":{"start":{"line":256,"column":6},"end":{"line":260,"column":null}},"26":{"start":{"line":265,"column":26},"end":{"line":265,"column":null}},"27":{"start":{"line":266,"column":4},"end":{"line":273,"column":null}},"28":{"start":{"line":268,"column":6},"end":{"line":272,"column":null}},"29":{"start":{"line":276,"column":4},"end":{"line":282,"column":null}},"30":{"start":{"line":277,"column":6},"end":{"line":281,"column":null}},"31":{"start":{"line":286,"column":2},"end":{"line":308,"column":null}},"32":{"start":{"line":287,"column":28},"end":{"line":287,"column":null}},"33":{"start":{"line":290,"column":32},"end":{"line":296,"column":null}},"34":{"start":{"line":298,"column":24},"end":{"line":298,"column":null}},"35":{"start":{"line":299,"column":28},"end":{"line":299,"column":null}},"36":{"start":{"line":301,"column":4},"end":{"line":307,"column":null}},"37":{"start":{"line":302,"column":6},"end":{"line":306,"column":null}},"38":{"start":{"line":310,"column":2},"end":{"line":314,"column":null}},"39":{"start":{"line":326,"column":2},"end":{"line":347,"column":null}},"40":{"start":{"line":327,"column":22},"end":{"line":327,"column":null}},"41":{"start":{"line":330,"column":4},"end":{"line":340,"column":null}},"42":{"start":{"line":331,"column":6},"end":{"line":339,"column":null}},"43":{"start":{"line":342,"column":4},"end":{"line":346,"column":null}},"44":{"start":{"line":350,"column":2},"end":{"line":354,"column":null}},"45":{"start":{"line":364,"column":2},"end":{"line":370,"column":null}},"46":{"start":{"line":365,"column":4},"end":{"line":369,"column":null}},"47":{"start":{"line":375,"column":2},"end":{"line":384,"column":null}},"48":{"start":{"line":376,"column":19},"end":{"line":376,"column":null}},"49":{"start":{"line":377,"column":4},"end":{"line":383,"column":null}},"50":{"start":{"line":378,"column":6},"end":{"line":382,"column":null}},"51":{"start":{"line":386,"column":2},"end":{"line":390,"column":null}},"52":{"start":{"line":403,"column":2},"end":{"line":413,"column":null}},"53":{"start":{"line":404,"column":4},"end":{"line":412,"column":null}},"54":{"start":{"line":415,"column":2},"end":{"line":428,"column":null}},"55":{"start":{"line":416,"column":25},"end":{"line":416,"column":null}},"56":{"start":{"line":417,"column":4},"end":{"line":427,"column":null}},"57":{"start":{"line":418,"column":6},"end":{"line":426,"column":null}},"58":{"start":{"line":430,"column":2},"end":{"line":434,"column":null}},"59":{"start":{"line":448,"column":25},"end":{"line":451,"column":null}},"60":{"start":{"line":452,"column":27},"end":{"line":455,"column":null}},"61":{"start":{"line":456,"column":32},"end":{"line":459,"column":null}},"62":{"start":{"line":461,"column":15},"end":{"line":461,"column":null}},"63":{"start":{"line":461,"column":41},"end":{"line":461,"column":58}},"64":{"start":{"line":462,"column":15},"end":{"line":462,"column":null}},"65":{"start":{"line":462,"column":43},"end":{"line":462,"column":60}},"66":{"start":{"line":463,"column":15},"end":{"line":463,"column":null}},"67":{"start":{"line":463,"column":48},"end":{"line":463,"column":65}},"68":{"start":{"line":466,"column":2},"end":{"line":466,"column":null}},"69":{"start":{"line":473,"column":21},"end":{"line":477,"column":null}},"70":{"start":{"line":479,"column":2},"end":{"line":479,"column":null}},"71":{"start":{"line":479,"column":33},"end":{"line":479,"column":50}},"72":{"start":{"line":487,"column":2},"end":{"line":495,"column":null}},"73":{"start":{"line":617,"column":32},"end":{"line":617,"column":null}},"74":{"start":{"line":635,"column":29},"end":{"line":635,"column":null}},"75":{"start":{"line":647,"column":24},"end":{"line":647,"column":null}},"76":{"start":{"line":664,"column":22},"end":{"line":664,"column":null}},"77":{"start":{"line":680,"column":35},"end":{"line":680,"column":null}},"78":{"start":{"line":692,"column":2},"end":{"line":707,"column":null}},"79":{"start":{"line":694,"column":6},"end":{"line":694,"column":null}},"80":{"start":{"line":696,"column":6},"end":{"line":696,"column":null}},"81":{"start":{"line":698,"column":6},"end":{"line":698,"column":null}},"82":{"start":{"line":700,"column":6},"end":{"line":700,"column":null}},"83":{"start":{"line":702,"column":6},"end":{"line":702,"column":null}},"84":{"start":{"line":704,"column":6},"end":{"line":704,"column":null}},"85":{"start":{"line":706,"column":6},"end":{"line":706,"column":null}},"86":{"start":{"line":718,"column":5},"end":{"line":749,"column":null}},"87":{"start":{"line":758,"column":2},"end":{"line":762,"column":null}}},"fnMap":{"0":{"name":"createDefaultContext","decl":{"start":{"line":102,"column":16},"end":{"line":102,"column":51}},"loc":{"start":{"line":102,"column":51},"end":{"line":119,"column":null}},"line":102},"1":{"name":"transition","decl":{"start":{"line":137,"column":16},"end":{"line":137,"column":null}},"loc":{"start":{"line":142,"column":23},"end":{"line":187,"column":null}},"line":142},"2":{"name":"transitionFromPreInfo","decl":{"start":{"line":193,"column":9},"end":{"line":193,"column":null}},"loc":{"start":{"line":198,"column":23},"end":{"line":231,"column":null}},"line":198},"3":{"name":"transitionFromOnboarding","decl":{"start":{"line":233,"column":9},"end":{"line":233,"column":null}},"loc":{"start":{"line":237,"column":23},"end":{"line":315,"column":null}},"line":237},"4":{"name":"transitionFromActiveListening","decl":{"start":{"line":317,"column":9},"end":{"line":317,"column":null}},"loc":{"start":{"line":321,"column":23},"end":{"line":355,"column":null}},"line":321},"5":{"name":"transitionFromCBTStripping","decl":{"start":{"line":357,"column":9},"end":{"line":357,"column":null}},"loc":{"start":{"line":362,"column":23},"end":{"line":391,"column":null}},"line":362},"6":{"name":"transitionFromSocratic","decl":{"start":{"line":393,"column":9},"end":{"line":393,"column":null}},"loc":{"start":{"line":398,"column":23},"end":{"line":435,"column":null}},"line":398},"7":{"name":"detectABCCompletion","decl":{"start":{"line":447,"column":9},"end":{"line":447,"column":29}},"loc":{"start":{"line":447,"column":52},"end":{"line":467,"column":null}},"line":447},"8":{"name":"(anonymous_8)","decl":{"start":{"line":461,"column":30},"end":{"line":461,"column":35}},"loc":{"start":{"line":461,"column":41},"end":{"line":461,"column":58}},"line":461},"9":{"name":"(anonymous_9)","decl":{"start":{"line":462,"column":32},"end":{"line":462,"column":37}},"loc":{"start":{"line":462,"column":43},"end":{"line":462,"column":60}},"line":462},"10":{"name":"(anonymous_10)","decl":{"start":{"line":463,"column":37},"end":{"line":463,"column":42}},"loc":{"start":{"line":463,"column":48},"end":{"line":463,"column":65}},"line":463},"11":{"name":"detectRestructureCompletion","decl":{"start":{"line":472,"column":9},"end":{"line":472,"column":37}},"loc":{"start":{"line":472,"column":60},"end":{"line":480,"column":null}},"line":472},"12":{"name":"(anonymous_12)","decl":{"start":{"line":479,"column":20},"end":{"line":479,"column":27}},"loc":{"start":{"line":479,"column":33},"end":{"line":479,"column":50}},"line":479},"13":{"name":"getOnboardingPrompt","decl":{"start":{"line":486,"column":9},"end":{"line":486,"column":29}},"loc":{"start":{"line":486,"column":52},"end":{"line":615,"column":null}},"line":486},"14":{"name":"getPromptForState","decl":{"start":{"line":691,"column":16},"end":{"line":691,"column":34}},"loc":{"start":{"line":691,"column":85},"end":{"line":708,"column":null}},"line":691},"15":{"name":"applyTransition","decl":{"start":{"line":754,"column":16},"end":{"line":754,"column":null}},"loc":{"start":{"line":757,"column":14},"end":{"line":763,"column":null}},"line":757}},"branchMap":{"0":{"loc":{"start":{"line":140,"column":2},"end":{"line":140,"column":null}},"type":"default-arg","locations":[{"start":{"line":140,"column":26},"end":{"line":140,"column":null}}],"line":140},"1":{"loc":{"start":{"line":146,"column":2},"end":{"line":152,"column":null}},"type":"if","locations":[{"start":{"line":146,"column":2},"end":{"line":152,"column":null}},{"start":{},"end":{}}],"line":146},"2":{"loc":{"start":{"line":155,"column":2},"end":{"line":161,"column":null}},"type":"if","locations":[{"start":{"line":155,"column":2},"end":{"line":161,"column":null}},{"start":{},"end":{}}],"line":155},"3":{"loc":{"start":{"line":164,"column":2},"end":{"line":186,"column":null}},"type":"switch","locations":[{"start":{"line":165,"column":4},"end":{"line":166,"column":null}},{"start":{"line":168,"column":4},"end":{"line":169,"column":null}},{"start":{"line":171,"column":4},"end":{"line":172,"column":null}},{"start":{"line":174,"column":4},"end":{"line":175,"column":null}},{"start":{"line":177,"column":4},"end":{"line":178,"column":null}},{"start":{"line":180,"column":4},"end":{"line":185,"column":null}}],"line":164},"4":{"loc":{"start":{"line":199,"column":2},"end":{"line":210,"column":null}},"type":"if","locations":[{"start":{"line":199,"column":2},"end":{"line":210,"column":null}},{"start":{},"end":{}}],"line":199},"5":{"loc":{"start":{"line":199,"column":6},"end":{"line":199,"column":65}},"type":"binary-expr","locations":[{"start":{"line":199,"column":6},"end":{"line":199,"column":42}},{"start":{"line":199,"column":42},"end":{"line":199,"column":65}}],"line":199},"6":{"loc":{"start":{"line":213,"column":2},"end":{"line":224,"column":null}},"type":"if","locations":[{"start":{"line":213,"column":2},"end":{"line":224,"column":null}},{"start":{},"end":{}}],"line":213},"7":{"loc":{"start":{"line":213,"column":6},"end":{"line":213,"column":82}},"type":"binary-expr","locations":[{"start":{"line":213,"column":6},"end":{"line":213,"column":25}},{"start":{"line":213,"column":25},"end":{"line":213,"column":56}},{"start":{"line":213,"column":56},"end":{"line":213,"column":82}}],"line":213},"8":{"loc":{"start":{"line":243,"column":2},"end":{"line":249,"column":null}},"type":"if","locations":[{"start":{"line":243,"column":2},"end":{"line":249,"column":null}},{"start":{},"end":{}}],"line":243},"9":{"loc":{"start":{"line":243,"column":6},"end":{"line":243,"column":49}},"type":"binary-expr","locations":[{"start":{"line":243,"column":6},"end":{"line":243,"column":26}},{"start":{"line":243,"column":26},"end":{"line":243,"column":49}}],"line":243},"10":{"loc":{"start":{"line":252,"column":2},"end":{"line":283,"column":null}},"type":"if","locations":[{"start":{"line":252,"column":2},"end":{"line":283,"column":null}},{"start":{},"end":{}}],"line":252},"11":{"loc":{"start":{"line":255,"column":4},"end":{"line":261,"column":null}},"type":"if","locations":[{"start":{"line":255,"column":4},"end":{"line":261,"column":null}},{"start":{},"end":{}}],"line":255},"12":{"loc":{"start":{"line":255,"column":8},"end":{"line":255,"column":66}},"type":"binary-expr","locations":[{"start":{"line":255,"column":8},"end":{"line":255,"column":39}},{"start":{"line":255,"column":39},"end":{"line":255,"column":66}}],"line":255},"13":{"loc":{"start":{"line":266,"column":4},"end":{"line":273,"column":null}},"type":"if","locations":[{"start":{"line":266,"column":4},"end":{"line":273,"column":null}},{"start":{},"end":{}}],"line":266},"14":{"loc":{"start":{"line":266,"column":8},"end":{"line":266,"column":76}},"type":"binary-expr","locations":[{"start":{"line":266,"column":8},"end":{"line":266,"column":36}},{"start":{"line":266,"column":36},"end":{"line":266,"column":64}},{"start":{"line":266,"column":64},"end":{"line":266,"column":76}}],"line":266},"15":{"loc":{"start":{"line":276,"column":4},"end":{"line":282,"column":null}},"type":"if","locations":[{"start":{"line":276,"column":4},"end":{"line":282,"column":null}},{"start":{},"end":{}}],"line":276},"16":{"loc":{"start":{"line":276,"column":8},"end":{"line":276,"column":51}},"type":"binary-expr","locations":[{"start":{"line":276,"column":8},"end":{"line":276,"column":39}},{"start":{"line":276,"column":39},"end":{"line":276,"column":51}}],"line":276},"17":{"loc":{"start":{"line":286,"column":2},"end":{"line":308,"column":null}},"type":"if","locations":[{"start":{"line":286,"column":2},"end":{"line":308,"column":null}},{"start":{},"end":{}}],"line":286},"18":{"loc":{"start":{"line":295,"column":6},"end":{"line":295,"column":null}},"type":"cond-expr","locations":[{"start":{"line":295,"column":42},"end":{"line":295,"column":50}},{"start":{"line":295,"column":50},"end":{"line":295,"column":null}}],"line":295},"19":{"loc":{"start":{"line":301,"column":4},"end":{"line":307,"column":null}},"type":"if","locations":[{"start":{"line":301,"column":4},"end":{"line":307,"column":null}},{"start":{},"end":{}}],"line":301},"20":{"loc":{"start":{"line":301,"column":9},"end":{"line":301,"column":85}},"type":"binary-expr","locations":[{"start":{"line":301,"column":9},"end":{"line":301,"column":28}},{"start":{"line":301,"column":28},"end":{"line":301,"column":44}},{"start":{"line":301,"column":44},"end":{"line":301,"column":63}},{"start":{"line":301,"column":63},"end":{"line":301,"column":85}}],"line":301},"21":{"loc":{"start":{"line":326,"column":2},"end":{"line":347,"column":null}},"type":"if","locations":[{"start":{"line":326,"column":2},"end":{"line":347,"column":null}},{"start":{},"end":{}}],"line":326},"22":{"loc":{"start":{"line":330,"column":4},"end":{"line":340,"column":null}},"type":"if","locations":[{"start":{"line":330,"column":4},"end":{"line":340,"column":null}},{"start":{},"end":{}}],"line":330},"23":{"loc":{"start":{"line":330,"column":8},"end":{"line":330,"column":51}},"type":"binary-expr","locations":[{"start":{"line":330,"column":8},"end":{"line":330,"column":26}},{"start":{"line":330,"column":26},"end":{"line":330,"column":51}}],"line":330},"24":{"loc":{"start":{"line":364,"column":2},"end":{"line":370,"column":null}},"type":"if","locations":[{"start":{"line":364,"column":2},"end":{"line":370,"column":null}},{"start":{},"end":{}}],"line":364},"25":{"loc":{"start":{"line":364,"column":6},"end":{"line":364,"column":82}},"type":"binary-expr","locations":[{"start":{"line":364,"column":6},"end":{"line":364,"column":25}},{"start":{"line":364,"column":25},"end":{"line":364,"column":56}},{"start":{"line":364,"column":56},"end":{"line":364,"column":82}}],"line":364},"26":{"loc":{"start":{"line":375,"column":2},"end":{"line":384,"column":null}},"type":"if","locations":[{"start":{"line":375,"column":2},"end":{"line":384,"column":null}},{"start":{},"end":{}}],"line":375},"27":{"loc":{"start":{"line":375,"column":6},"end":{"line":375,"column":36}},"type":"binary-expr","locations":[{"start":{"line":375,"column":6},"end":{"line":375,"column":26}},{"start":{"line":375,"column":26},"end":{"line":375,"column":36}}],"line":375},"28":{"loc":{"start":{"line":377,"column":4},"end":{"line":383,"column":null}},"type":"if","locations":[{"start":{"line":377,"column":4},"end":{"line":383,"column":null}},{"start":{},"end":{}}],"line":377},"29":{"loc":{"start":{"line":377,"column":8},"end":{"line":377,"column":36}},"type":"binary-expr","locations":[{"start":{"line":377,"column":8},"end":{"line":377,"column":18}},{"start":{"line":377,"column":18},"end":{"line":377,"column":36}}],"line":377},"30":{"loc":{"start":{"line":403,"column":2},"end":{"line":413,"column":null}},"type":"if","locations":[{"start":{"line":403,"column":2},"end":{"line":413,"column":null}},{"start":{},"end":{}}],"line":403},"31":{"loc":{"start":{"line":415,"column":2},"end":{"line":428,"column":null}},"type":"if","locations":[{"start":{"line":415,"column":2},"end":{"line":428,"column":null}},{"start":{},"end":{}}],"line":415},"32":{"loc":{"start":{"line":415,"column":6},"end":{"line":415,"column":36}},"type":"binary-expr","locations":[{"start":{"line":415,"column":6},"end":{"line":415,"column":26}},{"start":{"line":415,"column":26},"end":{"line":415,"column":36}}],"line":415},"33":{"loc":{"start":{"line":417,"column":4},"end":{"line":427,"column":null}},"type":"if","locations":[{"start":{"line":417,"column":4},"end":{"line":427,"column":null}},{"start":{},"end":{}}],"line":417},"34":{"loc":{"start":{"line":417,"column":8},"end":{"line":417,"column":49}},"type":"binary-expr","locations":[{"start":{"line":417,"column":8},"end":{"line":417,"column":24}},{"start":{"line":417,"column":24},"end":{"line":417,"column":49}}],"line":417},"35":{"loc":{"start":{"line":466,"column":10},"end":{"line":466,"column":null}},"type":"binary-expr","locations":[{"start":{"line":466,"column":10},"end":{"line":466,"column":18}},{"start":{"line":466,"column":18},"end":{"line":466,"column":28}},{"start":{"line":466,"column":28},"end":{"line":466,"column":36}},{"start":{"line":466,"column":36},"end":{"line":466,"column":null}}],"line":466},"36":{"loc":{"start":{"line":692,"column":2},"end":{"line":707,"column":null}},"type":"switch","locations":[{"start":{"line":693,"column":4},"end":{"line":694,"column":null}},{"start":{"line":695,"column":4},"end":{"line":696,"column":null}},{"start":{"line":697,"column":4},"end":{"line":698,"column":null}},{"start":{"line":699,"column":4},"end":{"line":700,"column":null}},{"start":{"line":701,"column":4},"end":{"line":702,"column":null}},{"start":{"line":703,"column":4},"end":{"line":704,"column":null}},{"start":{"line":705,"column":4},"end":{"line":706,"column":null}}],"line":692},"37":{"loc":{"start":{"line":696,"column":33},"end":{"line":696,"column":53}},"type":"binary-expr","locations":[{"start":{"line":696,"column":33},"end":{"line":696,"column":52}},{"start":{"line":696,"column":52},"end":{"line":696,"column":53}}],"line":696}},"s":{"0":3,"1":15,"2":13,"3":13,"4":2,"5":11,"6":1,"7":10,"8":4,"9":2,"10":1,"11":2,"12":1,"13":0,"14":4,"15":2,"16":2,"17":1,"18":1,"19":2,"20":2,"21":2,"22":1,"23":1,"24":1,"25":1,"26":0,"27":0,"28":0,"29":0,"30":0,"31":0,"32":0,"33":0,"34":0,"35":0,"36":0,"37":0,"38":0,"39":1,"40":1,"41":1,"42":1,"43":0,"44":0,"45":2,"46":1,"47":1,"48":1,"49":1,"50":1,"51":0,"52":1,"53":1,"54":0,"55":0,"56":0,"57":0,"58":0,"59":1,"60":1,"61":1,"62":1,"63":1,"64":1,"65":1,"66":1,"67":1,"68":1,"69":0,"70":0,"71":0,"72":0,"73":3,"74":3,"75":3,"76":3,"77":3,"78":3,"79":1,"80":0,"81":2,"82":0,"83":0,"84":0,"85":0,"86":3,"87":1},"f":{"0":15,"1":13,"2":4,"3":2,"4":1,"5":2,"6":1,"7":1,"8":1,"9":1,"10":1,"11":0,"12":0,"13":0,"14":3,"15":1},"b":{"0":[13],"1":[2,11],"2":[1,10],"3":[4,2,1,2,1,0],"4":[2,2],"5":[4,3],"6":[1,1],"7":[2,2,1],"8":[1,1],"9":[2,1],"10":[1,0],"11":[1,0],"12":[1,1],"13":[0,0],"14":[0,0,0],"15":[0,0],"16":[0,0],"17":[0,0],"18":[0,0],"19":[0,0],"20":[0,0,0,0],"21":[1,0],"22":[1,0],"23":[1,1],"24":[1,1],"25":[2,1,1],"26":[1,0],"27":[1,1],"28":[1,0],"29":[1,0],"30":[1,0],"31":[0,0],"32":[0,0],"33":[0,0],"34":[0,0],"35":[1,1,0,0],"36":[1,0,2,0,0,0,0],"37":[0,0]},"meta":{"lastBranch":38,"lastFunction":16,"lastStatement":88,"seen":{"s:32:38:39:Infinity":0,"f:102:16:102:51":0,"s:103:2:118:Infinity":1,"f:137:16:137:Infinity":1,"b:140:26:140:Infinity":0,"s:143:27:143:Infinity":2,"b:146:2:152:Infinity:undefined:undefined:undefined:undefined":1,"s:146:2:152:Infinity":3,"s:147:4:151:Infinity":4,"b:155:2:161:Infinity:undefined:undefined:undefined:undefined":2,"s:155:2:161:Infinity":5,"s:156:4:160:Infinity":6,"b:165:4:166:Infinity:168:4:169:Infinity:171:4:172:Infinity:174:4:175:Infinity:177:4:178:Infinity:180:4:185:Infinity":3,"s:164:2:186:Infinity":7,"s:166:6:166:Infinity":8,"s:169:6:169:Infinity":9,"s:172:6:172:Infinity":10,"s:175:6:175:Infinity":11,"s:178:6:178:Infinity":12,"s:181:6:185:Infinity":13,"f:193:9:193:Infinity":2,"b:199:2:210:Infinity:undefined:undefined:undefined:undefined":4,"s:199:2:210:Infinity":14,"b:199:6:199:42:199:42:199:65":5,"s:200:4:209:Infinity":15,"b:213:2:224:Infinity:undefined:undefined:undefined:undefined":6,"s:213:2:224:Infinity":16,"b:213:6:213:25:213:25:213:56:213:56:213:82":7,"s:214:4:223:Infinity":17,"s:226:2:230:Infinity":18,"f:233:9:233:Infinity":3,"s:238:21:238:Infinity":19,"s:239:16:239:Infinity":20,"b:243:2:249:Infinity:undefined:undefined:undefined:undefined":8,"s:243:2:249:Infinity":21,"b:243:6:243:26:243:26:243:49":9,"s:244:4:248:Infinity":22,"b:252:2:283:Infinity:undefined:undefined:undefined:undefined":10,"s:252:2:283:Infinity":23,"b:255:4:261:Infinity:undefined:undefined:undefined:undefined":11,"s:255:4:261:Infinity":24,"b:255:8:255:39:255:39:255:66":12,"s:256:6:260:Infinity":25,"s:265:26:265:Infinity":26,"b:266:4:273:Infinity:undefined:undefined:undefined:undefined":13,"s:266:4:273:Infinity":27,"b:266:8:266:36:266:36:266:64:266:64:266:76":14,"s:268:6:272:Infinity":28,"b:276:4:282:Infinity:undefined:undefined:undefined:undefined":15,"s:276:4:282:Infinity":29,"b:276:8:276:39:276:39:276:51":16,"s:277:6:281:Infinity":30,"b:286:2:308:Infinity:undefined:undefined:undefined:undefined":17,"s:286:2:308:Infinity":31,"s:287:28:287:Infinity":32,"s:290:32:296:Infinity":33,"b:295:42:295:50:295:50:295:Infinity":18,"s:298:24:298:Infinity":34,"s:299:28:299:Infinity":35,"b:301:4:307:Infinity:undefined:undefined:undefined:undefined":19,"s:301:4:307:Infinity":36,"b:301:9:301:28:301:28:301:44:301:44:301:63:301:63:301:85":20,"s:302:6:306:Infinity":37,"s:310:2:314:Infinity":38,"f:317:9:317:Infinity":4,"b:326:2:347:Infinity:undefined:undefined:undefined:undefined":21,"s:326:2:347:Infinity":39,"s:327:22:327:Infinity":40,"b:330:4:340:Infinity:undefined:undefined:undefined:undefined":22,"s:330:4:340:Infinity":41,"b:330:8:330:26:330:26:330:51":23,"s:331:6:339:Infinity":42,"s:342:4:346:Infinity":43,"s:350:2:354:Infinity":44,"f:357:9:357:Infinity":5,"b:364:2:370:Infinity:undefined:undefined:undefined:undefined":24,"s:364:2:370:Infinity":45,"b:364:6:364:25:364:25:364:56:364:56:364:82":25,"s:365:4:369:Infinity":46,"b:375:2:384:Infinity:undefined:undefined:undefined:undefined":26,"s:375:2:384:Infinity":47,"b:375:6:375:26:375:26:375:36":27,"s:376:19:376:Infinity":48,"b:377:4:383:Infinity:undefined:undefined:undefined:undefined":28,"s:377:4:383:Infinity":49,"b:377:8:377:18:377:18:377:36":29,"s:378:6:382:Infinity":50,"s:386:2:390:Infinity":51,"f:393:9:393:Infinity":6,"b:403:2:413:Infinity:undefined:undefined:undefined:undefined":30,"s:403:2:413:Infinity":52,"s:404:4:412:Infinity":53,"b:415:2:428:Infinity:undefined:undefined:undefined:undefined":31,"s:415:2:428:Infinity":54,"b:415:6:415:26:415:26:415:36":32,"s:416:25:416:Infinity":55,"b:417:4:427:Infinity:undefined:undefined:undefined:undefined":33,"s:417:4:427:Infinity":56,"b:417:8:417:24:417:24:417:49":34,"s:418:6:426:Infinity":57,"s:430:2:434:Infinity":58,"f:447:9:447:29":7,"s:448:25:451:Infinity":59,"s:452:27:455:Infinity":60,"s:456:32:459:Infinity":61,"s:461:15:461:Infinity":62,"f:461:30:461:35":8,"s:461:41:461:58":63,"s:462:15:462:Infinity":64,"f:462:32:462:37":9,"s:462:43:462:60":65,"s:463:15:463:Infinity":66,"f:463:37:463:42":10,"s:463:48:463:65":67,"s:466:2:466:Infinity":68,"b:466:10:466:18:466:18:466:28:466:28:466:36:466:36:466:Infinity":35,"f:472:9:472:37":11,"s:473:21:477:Infinity":69,"s:479:2:479:Infinity":70,"f:479:20:479:27":12,"s:479:33:479:50":71,"f:486:9:486:29":13,"s:487:2:495:Infinity":72,"s:617:32:617:Infinity":73,"s:635:29:635:Infinity":74,"s:647:24:647:Infinity":75,"s:664:22:664:Infinity":76,"s:680:35:680:Infinity":77,"f:691:16:691:34":14,"b:693:4:694:Infinity:695:4:696:Infinity:697:4:698:Infinity:699:4:700:Infinity:701:4:702:Infinity:703:4:704:Infinity:705:4:706:Infinity":36,"s:692:2:707:Infinity":78,"s:694:6:694:Infinity":79,"s:696:6:696:Infinity":80,"b:696:33:696:52:696:52:696:53":37,"s:698:6:698:Infinity":81,"s:700:6:700:Infinity":82,"s:702:6:702:Infinity":83,"s:704:6:704:Infinity":84,"s:706:6:706:Infinity":85,"s:718:5:749:Infinity":86,"f:754:16:754:Infinity":15,"s:758:2:762:Infinity":87},"fnNames":{}}}
,"/Users/chenhaoran/工程文件/心理大赛/worker/src/lib/intent-router.ts": {"path":"/Users/chenhaoran/工程文件/心理大赛/worker/src/lib/intent-router.ts","statementMap":{"0":{"start":{"line":34,"column":45},"end":{"line":44,"column":null}},"1":{"start":{"line":46,"column":51},"end":{"line":48,"column":null}},"2":{"start":{"line":50,"column":47},"end":{"line":52,"column":null}},"3":{"start":{"line":54,"column":43},"end":{"line":57,"column":null}},"4":{"start":{"line":59,"column":45},"end":{"line":61,"column":null}},"5":{"start":{"line":66,"column":72},"end":{"line":162,"column":null}},"6":{"start":{"line":167,"column":24},"end":{"line":176,"column":null}},"7":{"start":{"line":183,"column":2},"end":{"line":188,"column":null}},"8":{"start":{"line":184,"column":4},"end":{"line":184,"column":null}},"9":{"start":{"line":186,"column":18},"end":{"line":186,"column":null}},"10":{"start":{"line":187,"column":4},"end":{"line":187,"column":null}},"11":{"start":{"line":196,"column":15},"end":{"line":196,"column":null}},"12":{"start":{"line":198,"column":2},"end":{"line":200,"column":null}},"13":{"start":{"line":199,"column":4},"end":{"line":199,"column":null}},"14":{"start":{"line":203,"column":34},"end":{"line":203,"column":null}},"15":{"start":{"line":204,"column":2},"end":{"line":207,"column":null}},"16":{"start":{"line":205,"column":20},"end":{"line":205,"column":null}},"17":{"start":{"line":206,"column":4},"end":{"line":206,"column":null}},"18":{"start":{"line":206,"column":17},"end":{"line":206,"column":null}},"19":{"start":{"line":208,"column":2},"end":{"line":215,"column":null}},"20":{"start":{"line":209,"column":4},"end":{"line":214,"column":null}},"21":{"start":{"line":218,"column":39},"end":{"line":218,"column":null}},"22":{"start":{"line":219,"column":2},"end":{"line":222,"column":null}},"23":{"start":{"line":220,"column":20},"end":{"line":220,"column":null}},"24":{"start":{"line":221,"column":4},"end":{"line":221,"column":null}},"25":{"start":{"line":221,"column":17},"end":{"line":221,"column":null}},"26":{"start":{"line":223,"column":2},"end":{"line":230,"column":null}},"27":{"start":{"line":224,"column":4},"end":{"line":229,"column":null}},"28":{"start":{"line":233,"column":42},"end":{"line":233,"column":null}},"29":{"start":{"line":234,"column":36},"end":{"line":234,"column":null}},"30":{"start":{"line":236,"column":2},"end":{"line":239,"column":null}},"31":{"start":{"line":237,"column":20},"end":{"line":237,"column":null}},"32":{"start":{"line":238,"column":4},"end":{"line":238,"column":null}},"33":{"start":{"line":238,"column":19},"end":{"line":238,"column":55}},"34":{"start":{"line":238,"column":55},"end":{"line":238,"column":86}},"35":{"start":{"line":240,"column":2},"end":{"line":245,"column":null}},"36":{"start":{"line":241,"column":4},"end":{"line":244,"column":null}},"37":{"start":{"line":242,"column":22},"end":{"line":242,"column":null}},"38":{"start":{"line":243,"column":6},"end":{"line":243,"column":null}},"39":{"start":{"line":243,"column":21},"end":{"line":243,"column":59}},"40":{"start":{"line":243,"column":59},"end":{"line":243,"column":90}},"41":{"start":{"line":246,"column":2},"end":{"line":251,"column":null}},"42":{"start":{"line":247,"column":4},"end":{"line":250,"column":null}},"43":{"start":{"line":248,"column":22},"end":{"line":248,"column":null}},"44":{"start":{"line":249,"column":6},"end":{"line":249,"column":null}},"45":{"start":{"line":249,"column":21},"end":{"line":249,"column":57}},"46":{"start":{"line":249,"column":57},"end":{"line":249,"column":88}},"47":{"start":{"line":254,"column":23},"end":{"line":254,"column":null}},"48":{"start":{"line":255,"column":37},"end":{"line":255,"column":null}},"49":{"start":{"line":257,"column":2},"end":{"line":263,"column":null}},"50":{"start":{"line":258,"column":20},"end":{"line":258,"column":null}},"51":{"start":{"line":259,"column":4},"end":{"line":262,"column":null}},"52":{"start":{"line":260,"column":6},"end":{"line":260,"column":null}},"53":{"start":{"line":261,"column":6},"end":{"line":261,"column":null}},"54":{"start":{"line":265,"column":23},"end":{"line":265,"column":null}},"55":{"start":{"line":266,"column":2},"end":{"line":266,"column":null}},"56":{"start":{"line":268,"column":26},"end":{"line":268,"column":null}},"57":{"start":{"line":270,"column":2},"end":{"line":277,"column":null}},"58":{"start":{"line":271,"column":4},"end":{"line":276,"column":null}},"59":{"start":{"line":280,"column":19},"end":{"line":280,"column":null}},"60":{"start":{"line":280,"column":51},"end":{"line":280,"column":69}},"61":{"start":{"line":281,"column":2},"end":{"line":288,"column":null}},"62":{"start":{"line":282,"column":4},"end":{"line":287,"column":null}},"63":{"start":{"line":291,"column":2},"end":{"line":298,"column":null}},"64":{"start":{"line":292,"column":4},"end":{"line":297,"column":null}},"65":{"start":{"line":300,"column":2},"end":{"line":305,"column":null}},"66":{"start":{"line":317,"column":16},"end":{"line":317,"column":null}},"67":{"start":{"line":318,"column":21},"end":{"line":318,"column":null}},"68":{"start":{"line":319,"column":17},"end":{"line":319,"column":null}},"69":{"start":{"line":321,"column":2},"end":{"line":323,"column":null}},"70":{"start":{"line":322,"column":4},"end":{"line":322,"column":null}},"71":{"start":{"line":325,"column":23},"end":{"line":325,"column":null}},"72":{"start":{"line":356,"column":19},"end":{"line":359,"column":null}},"73":{"start":{"line":361,"column":14},"end":{"line":375,"column":null}},"74":{"start":{"line":377,"column":2},"end":{"line":379,"column":null}},"75":{"start":{"line":378,"column":4},"end":{"line":378,"column":null}},"76":{"start":{"line":381,"column":15},"end":{"line":381,"column":null}},"77":{"start":{"line":382,"column":8},"end":{"line":382,"column":null}},"78":{"start":{"line":383,"column":17},"end":{"line":383,"column":null}},"79":{"start":{"line":385,"column":2},"end":{"line":390,"column":null}},"80":{"start":{"line":394,"column":21},"end":{"line":394,"column":null}},"81":{"start":{"line":396,"column":2},"end":{"line":398,"column":null}},"82":{"start":{"line":397,"column":4},"end":{"line":397,"column":null}},"83":{"start":{"line":400,"column":26},"end":{"line":400,"column":null}},"84":{"start":{"line":402,"column":4},"end":{"line":403,"column":null}},"85":{"start":{"line":405,"column":2},"end":{"line":413,"column":null}},"86":{"start":{"line":406,"column":4},"end":{"line":412,"column":null}},"87":{"start":{"line":407,"column":29},"end":{"line":407,"column":null}},"88":{"start":{"line":408,"column":6},"end":{"line":408,"column":null}},"89":{"start":{"line":410,"column":6},"end":{"line":410,"column":null}},"90":{"start":{"line":411,"column":6},"end":{"line":411,"column":null}},"91":{"start":{"line":415,"column":2},"end":{"line":415,"column":null}},"92":{"start":{"line":419,"column":24},"end":{"line":419,"column":null}},"93":{"start":{"line":420,"column":24},"end":{"line":420,"column":null}},"94":{"start":{"line":421,"column":22},"end":{"line":421,"column":null}},"95":{"start":{"line":423,"column":17},"end":{"line":423,"column":null}},"96":{"start":{"line":425,"column":2},"end":{"line":429,"column":null}},"97":{"start":{"line":426,"column":4},"end":{"line":426,"column":null}},"98":{"start":{"line":426,"column":32},"end":{"line":426,"column":48}},"99":{"start":{"line":426,"column":51},"end":{"line":426,"column":null}},"100":{"start":{"line":427,"column":4},"end":{"line":427,"column":null}},"101":{"start":{"line":427,"column":32},"end":{"line":427,"column":48}},"102":{"start":{"line":427,"column":51},"end":{"line":427,"column":null}},"103":{"start":{"line":428,"column":4},"end":{"line":428,"column":null}},"104":{"start":{"line":428,"column":30},"end":{"line":428,"column":46}},"105":{"start":{"line":428,"column":49},"end":{"line":428,"column":null}},"106":{"start":{"line":431,"column":14},"end":{"line":431,"column":null}},"107":{"start":{"line":432,"column":2},"end":{"line":432,"column":null}},"108":{"start":{"line":432,"column":17},"end":{"line":432,"column":null}},"109":{"start":{"line":433,"column":2},"end":{"line":433,"column":null}},"110":{"start":{"line":433,"column":30},"end":{"line":433,"column":null}},"111":{"start":{"line":434,"column":2},"end":{"line":434,"column":null}},"112":{"start":{"line":434,"column":30},"end":{"line":434,"column":null}},"113":{"start":{"line":435,"column":2},"end":{"line":435,"column":null}}},"fnMap":{"0":{"name":"matchPattern","decl":{"start":{"line":182,"column":9},"end":{"line":182,"column":22}},"loc":{"start":{"line":182,"column":77},"end":{"line":189,"column":null}},"line":182},"1":{"name":"classifyIntentRules","decl":{"start":{"line":195,"column":16},"end":{"line":195,"column":36}},"loc":{"start":{"line":195,"column":71},"end":{"line":306,"column":null}},"line":195},"2":{"name":"(anonymous_2)","decl":{"start":{"line":280,"column":35},"end":{"line":280,"column":40}},"loc":{"start":{"line":280,"column":51},"end":{"line":280,"column":69}},"line":280},"3":{"name":"verifyIntentWithLLM","decl":{"start":{"line":312,"column":15},"end":{"line":312,"column":null}},"loc":{"start":{"line":316,"column":25},"end":{"line":391,"column":null}},"line":316},"4":{"name":"classifyIntent","decl":{"start":{"line":393,"column":22},"end":{"line":393,"column":37}},"loc":{"start":{"line":393,"column":92},"end":{"line":416,"column":null}},"line":393},"5":{"name":"detectSubEmotion","decl":{"start":{"line":418,"column":9},"end":{"line":418,"column":26}},"loc":{"start":{"line":418,"column":58},"end":{"line":436,"column":null}},"line":418},"6":{"name":"(anonymous_6)","decl":{"start":{"line":426,"column":22},"end":{"line":426,"column":27}},"loc":{"start":{"line":426,"column":32},"end":{"line":426,"column":48}},"line":426},"7":{"name":"(anonymous_7)","decl":{"start":{"line":427,"column":22},"end":{"line":427,"column":27}},"loc":{"start":{"line":427,"column":32},"end":{"line":427,"column":48}},"line":427},"8":{"name":"(anonymous_8)","decl":{"start":{"line":428,"column":20},"end":{"line":428,"column":25}},"loc":{"start":{"line":428,"column":30},"end":{"line":428,"column":46}},"line":428}},"branchMap":{"0":{"loc":{"start":{"line":183,"column":2},"end":{"line":188,"column":null}},"type":"if","locations":[{"start":{"line":183,"column":2},"end":{"line":188,"column":null}},{"start":{"line":185,"column":9},"end":{"line":188,"column":null}}],"line":183},"1":{"loc":{"start":{"line":184,"column":11},"end":{"line":184,"column":null}},"type":"cond-expr","locations":[{"start":{"line":184,"column":36},"end":{"line":184,"column":46}},{"start":{"line":184,"column":46},"end":{"line":184,"column":null}}],"line":184},"2":{"loc":{"start":{"line":187,"column":11},"end":{"line":187,"column":null}},"type":"cond-expr","locations":[{"start":{"line":187,"column":19},"end":{"line":187,"column":30}},{"start":{"line":187,"column":30},"end":{"line":187,"column":null}}],"line":187},"3":{"loc":{"start":{"line":198,"column":2},"end":{"line":200,"column":null}},"type":"if","locations":[{"start":{"line":198,"column":2},"end":{"line":200,"column":null}},{"start":{},"end":{}}],"line":198},"4":{"loc":{"start":{"line":206,"column":4},"end":{"line":206,"column":null}},"type":"if","locations":[{"start":{"line":206,"column":4},"end":{"line":206,"column":null}},{"start":{},"end":{}}],"line":206},"5":{"loc":{"start":{"line":208,"column":2},"end":{"line":215,"column":null}},"type":"if","locations":[{"start":{"line":208,"column":2},"end":{"line":215,"column":null}},{"start":{},"end":{}}],"line":208},"6":{"loc":{"start":{"line":221,"column":4},"end":{"line":221,"column":null}},"type":"if","locations":[{"start":{"line":221,"column":4},"end":{"line":221,"column":null}},{"start":{},"end":{}}],"line":221},"7":{"loc":{"start":{"line":223,"column":2},"end":{"line":230,"column":null}},"type":"if","locations":[{"start":{"line":223,"column":2},"end":{"line":230,"column":null}},{"start":{},"end":{}}],"line":223},"8":{"loc":{"start":{"line":238,"column":4},"end":{"line":238,"column":null}},"type":"if","locations":[{"start":{"line":238,"column":4},"end":{"line":238,"column":null}},{"start":{},"end":{}}],"line":238},"9":{"loc":{"start":{"line":240,"column":2},"end":{"line":245,"column":null}},"type":"if","locations":[{"start":{"line":240,"column":2},"end":{"line":245,"column":null}},{"start":{},"end":{}}],"line":240},"10":{"loc":{"start":{"line":243,"column":6},"end":{"line":243,"column":null}},"type":"if","locations":[{"start":{"line":243,"column":6},"end":{"line":243,"column":null}},{"start":{},"end":{}}],"line":243},"11":{"loc":{"start":{"line":246,"column":2},"end":{"line":251,"column":null}},"type":"if","locations":[{"start":{"line":246,"column":2},"end":{"line":251,"column":null}},{"start":{},"end":{}}],"line":246},"12":{"loc":{"start":{"line":249,"column":6},"end":{"line":249,"column":null}},"type":"if","locations":[{"start":{"line":249,"column":6},"end":{"line":249,"column":null}},{"start":{},"end":{}}],"line":249},"13":{"loc":{"start":{"line":259,"column":4},"end":{"line":262,"column":null}},"type":"if","locations":[{"start":{"line":259,"column":4},"end":{"line":262,"column":null}},{"start":{},"end":{}}],"line":259},"14":{"loc":{"start":{"line":265,"column":23},"end":{"line":265,"column":null}},"type":"cond-expr","locations":[{"start":{"line":265,"column":42},"end":{"line":265,"column":48}},{"start":{"line":265,"column":48},"end":{"line":265,"column":null}}],"line":265},"15":{"loc":{"start":{"line":265,"column":48},"end":{"line":265,"column":null}},"type":"cond-expr","locations":[{"start":{"line":265,"column":67},"end":{"line":265,"column":73}},{"start":{"line":265,"column":73},"end":{"line":265,"column":null}}],"line":265},"16":{"loc":{"start":{"line":270,"column":2},"end":{"line":277,"column":null}},"type":"if","locations":[{"start":{"line":270,"column":2},"end":{"line":277,"column":null}},{"start":{},"end":{}}],"line":270},"17":{"loc":{"start":{"line":270,"column":6},"end":{"line":270,"column":47}},"type":"binary-expr","locations":[{"start":{"line":270,"column":6},"end":{"line":270,"column":31}},{"start":{"line":270,"column":31},"end":{"line":270,"column":47}}],"line":270},"18":{"loc":{"start":{"line":272,"column":12},"end":{"line":272,"column":null}},"type":"binary-expr","locations":[{"start":{"line":272,"column":12},"end":{"line":272,"column":30}},{"start":{"line":272,"column":30},"end":{"line":272,"column":null}}],"line":272},"19":{"loc":{"start":{"line":274,"column":28},"end":{"line":274,"column":58}},"type":"binary-expr","locations":[{"start":{"line":274,"column":28},"end":{"line":274,"column":53}},{"start":{"line":274,"column":53},"end":{"line":274,"column":58}}],"line":274},"20":{"loc":{"start":{"line":281,"column":2},"end":{"line":288,"column":null}},"type":"if","locations":[{"start":{"line":281,"column":2},"end":{"line":288,"column":null}},{"start":{},"end":{}}],"line":281},"21":{"loc":{"start":{"line":281,"column":6},"end":{"line":281,"column":40}},"type":"binary-expr","locations":[{"start":{"line":281,"column":6},"end":{"line":281,"column":18}},{"start":{"line":281,"column":18},"end":{"line":281,"column":40}}],"line":281},"22":{"loc":{"start":{"line":291,"column":2},"end":{"line":298,"column":null}},"type":"if","locations":[{"start":{"line":291,"column":2},"end":{"line":298,"column":null}},{"start":{},"end":{}}],"line":291},"23":{"loc":{"start":{"line":317,"column":16},"end":{"line":317,"column":null}},"type":"binary-expr","locations":[{"start":{"line":317,"column":16},"end":{"line":317,"column":34}},{"start":{"line":317,"column":34},"end":{"line":317,"column":null}}],"line":317},"24":{"loc":{"start":{"line":318,"column":21},"end":{"line":318,"column":null}},"type":"binary-expr","locations":[{"start":{"line":318,"column":21},"end":{"line":318,"column":41}},{"start":{"line":318,"column":41},"end":{"line":318,"column":null}}],"line":318},"25":{"loc":{"start":{"line":321,"column":2},"end":{"line":323,"column":null}},"type":"if","locations":[{"start":{"line":321,"column":2},"end":{"line":323,"column":null}},{"start":{},"end":{}}],"line":321},"26":{"loc":{"start":{"line":377,"column":2},"end":{"line":379,"column":null}},"type":"if","locations":[{"start":{"line":377,"column":2},"end":{"line":379,"column":null}},{"start":{},"end":{}}],"line":377},"27":{"loc":{"start":{"line":382,"column":19},"end":{"line":382,"column":60}},"type":"binary-expr","locations":[{"start":{"line":382,"column":19},"end":{"line":382,"column":56}},{"start":{"line":382,"column":56},"end":{"line":382,"column":60}}],"line":382},"28":{"loc":{"start":{"line":386,"column":10},"end":{"line":386,"column":null}},"type":"binary-expr","locations":[{"start":{"line":386,"column":10},"end":{"line":386,"column":25}},{"start":{"line":386,"column":25},"end":{"line":386,"column":null}}],"line":386},"29":{"loc":{"start":{"line":387,"column":13},"end":{"line":387,"column":null}},"type":"binary-expr","locations":[{"start":{"line":387,"column":13},"end":{"line":387,"column":31}},{"start":{"line":387,"column":31},"end":{"line":387,"column":null}}],"line":387},"30":{"loc":{"start":{"line":388,"column":16},"end":{"line":388,"column":null}},"type":"cond-expr","locations":[{"start":{"line":388,"column":56},"end":{"line":388,"column":76}},{"start":{"line":388,"column":76},"end":{"line":388,"column":null}}],"line":388},"31":{"loc":{"start":{"line":396,"column":2},"end":{"line":398,"column":null}},"type":"if","locations":[{"start":{"line":396,"column":2},"end":{"line":398,"column":null}},{"start":{},"end":{}}],"line":396},"32":{"loc":{"start":{"line":402,"column":4},"end":{"line":403,"column":null}},"type":"binary-expr","locations":[{"start":{"line":402,"column":4},"end":{"line":402,"column":null}},{"start":{"line":403,"column":5},"end":{"line":403,"column":40}},{"start":{"line":403,"column":40},"end":{"line":403,"column":null}}],"line":402},"33":{"loc":{"start":{"line":405,"column":2},"end":{"line":413,"column":null}},"type":"if","locations":[{"start":{"line":405,"column":2},"end":{"line":413,"column":null}},{"start":{},"end":{}}],"line":405},"34":{"loc":{"start":{"line":426,"column":4},"end":{"line":426,"column":null}},"type":"if","locations":[{"start":{"line":426,"column":4},"end":{"line":426,"column":null}},{"start":{},"end":{}}],"line":426},"35":{"loc":{"start":{"line":427,"column":4},"end":{"line":427,"column":null}},"type":"if","locations":[{"start":{"line":427,"column":4},"end":{"line":427,"column":null}},{"start":{},"end":{}}],"line":427},"36":{"loc":{"start":{"line":428,"column":4},"end":{"line":428,"column":null}},"type":"if","locations":[{"start":{"line":428,"column":4},"end":{"line":428,"column":null}},{"start":{},"end":{}}],"line":428},"37":{"loc":{"start":{"line":432,"column":2},"end":{"line":432,"column":null}},"type":"if","locations":[{"start":{"line":432,"column":2},"end":{"line":432,"column":null}},{"start":{},"end":{}}],"line":432},"38":{"loc":{"start":{"line":433,"column":2},"end":{"line":433,"column":null}},"type":"if","locations":[{"start":{"line":433,"column":2},"end":{"line":433,"column":null}},{"start":{},"end":{}}],"line":433},"39":{"loc":{"start":{"line":434,"column":2},"end":{"line":434,"column":null}},"type":"if","locations":[{"start":{"line":434,"column":2},"end":{"line":434,"column":null}},{"start":{},"end":{}}],"line":434}},"s":{"0":4,"1":4,"2":4,"3":4,"4":4,"5":4,"6":4,"7":1406,"8":1336,"9":70,"10":70,"11":11,"12":11,"13":1,"14":10,"15":10,"16":390,"17":390,"18":2,"19":10,"20":1,"21":9,"22":9,"23":54,"24":54,"25":1,"26":9,"27":1,"28":8,"29":8,"30":8,"31":56,"32":56,"33":2,"34":2,"35":8,"36":7,"37":140,"38":140,"39":2,"40":2,"41":8,"42":6,"43":78,"44":78,"45":2,"46":2,"47":8,"48":8,"49":8,"50":688,"51":688,"52":3,"53":3,"54":8,"55":11,"56":11,"57":11,"58":4,"59":4,"60":25,"61":4,"62":1,"63":3,"64":0,"65":3,"66":0,"67":0,"68":0,"69":0,"70":0,"71":0,"72":0,"73":0,"74":0,"75":0,"76":0,"77":0,"78":0,"79":0,"80":0,"81":0,"82":0,"83":0,"84":0,"85":0,"86":0,"87":0,"88":0,"89":0,"90":0,"91":0,"92":4,"93":4,"94":4,"95":4,"96":4,"97":9,"98":78,"99":3,"100":9,"101":99,"102":0,"103":9,"104":72,"105":1,"106":4,"107":4,"108":1,"109":3,"110":2,"111":1,"112":0,"113":1},"f":{"0":1406,"1":11,"2":25,"3":0,"4":0,"5":4,"6":78,"7":99,"8":72},"b":{"0":[1336,70],"1":[11,1325],"2":[1,69],"3":[1,10],"4":[2,388],"5":[1,9],"6":[1,53],"7":[1,8],"8":[2,54],"9":[7,1],"10":[2,138],"11":[6,2],"12":[2,76],"13":[3,685],"14":[8,0],"15":[0,0],"16":[4,7],"17":[11,6],"18":[4,1],"19":[4,2],"20":[1,3],"21":[4,1],"22":[0,3],"23":[0,0],"24":[0,0],"25":[0,0],"26":[0,0],"27":[0,0],"28":[0,0],"29":[0,0],"30":[0,0],"31":[0,0],"32":[0,0,0],"33":[0,0],"34":[3,6],"35":[0,9],"36":[1,8],"37":[1,3],"38":[2,1],"39":[0,1]},"meta":{"lastBranch":40,"lastFunction":9,"lastStatement":114,"seen":{"s:34:45:44:Infinity":0,"s:46:51:48:Infinity":1,"s:50:47:52:Infinity":2,"s:54:43:57:Infinity":3,"s:59:45:61:Infinity":4,"s:66:72:162:Infinity":5,"s:167:24:176:Infinity":6,"f:182:9:182:22":0,"b:183:2:188:Infinity:185:9:188:Infinity":0,"s:183:2:188:Infinity":7,"s:184:4:184:Infinity":8,"b:184:36:184:46:184:46:184:Infinity":1,"s:186:18:186:Infinity":9,"s:187:4:187:Infinity":10,"b:187:19:187:30:187:30:187:Infinity":2,"f:195:16:195:36":1,"s:196:15:196:Infinity":11,"b:198:2:200:Infinity:undefined:undefined:undefined:undefined":3,"s:198:2:200:Infinity":12,"s:199:4:199:Infinity":13,"s:203:34:203:Infinity":14,"s:204:2:207:Infinity":15,"s:205:20:205:Infinity":16,"b:206:4:206:Infinity:undefined:undefined:undefined:undefined":4,"s:206:4:206:Infinity":17,"s:206:17:206:Infinity":18,"b:208:2:215:Infinity:undefined:undefined:undefined:undefined":5,"s:208:2:215:Infinity":19,"s:209:4:214:Infinity":20,"s:218:39:218:Infinity":21,"s:219:2:222:Infinity":22,"s:220:20:220:Infinity":23,"b:221:4:221:Infinity:undefined:undefined:undefined:undefined":6,"s:221:4:221:Infinity":24,"s:221:17:221:Infinity":25,"b:223:2:230:Infinity:undefined:undefined:undefined:undefined":7,"s:223:2:230:Infinity":26,"s:224:4:229:Infinity":27,"s:233:42:233:Infinity":28,"s:234:36:234:Infinity":29,"s:236:2:239:Infinity":30,"s:237:20:237:Infinity":31,"b:238:4:238:Infinity:undefined:undefined:undefined:undefined":8,"s:238:4:238:Infinity":32,"s:238:19:238:55":33,"s:238:55:238:86":34,"b:240:2:245:Infinity:undefined:undefined:undefined:undefined":9,"s:240:2:245:Infinity":35,"s:241:4:244:Infinity":36,"s:242:22:242:Infinity":37,"b:243:6:243:Infinity:undefined:undefined:undefined:undefined":10,"s:243:6:243:Infinity":38,"s:243:21:243:59":39,"s:243:59:243:90":40,"b:246:2:251:Infinity:undefined:undefined:undefined:undefined":11,"s:246:2:251:Infinity":41,"s:247:4:250:Infinity":42,"s:248:22:248:Infinity":43,"b:249:6:249:Infinity:undefined:undefined:undefined:undefined":12,"s:249:6:249:Infinity":44,"s:249:21:249:57":45,"s:249:57:249:88":46,"s:254:23:254:Infinity":47,"s:255:37:255:Infinity":48,"s:257:2:263:Infinity":49,"s:258:20:258:Infinity":50,"b:259:4:262:Infinity:undefined:undefined:undefined:undefined":13,"s:259:4:262:Infinity":51,"s:260:6:260:Infinity":52,"s:261:6:261:Infinity":53,"s:265:23:265:Infinity":54,"b:265:42:265:48:265:48:265:Infinity":14,"b:265:67:265:73:265:73:265:Infinity":15,"s:266:2:266:Infinity":55,"s:268:26:268:Infinity":56,"b:270:2:277:Infinity:undefined:undefined:undefined:undefined":16,"s:270:2:277:Infinity":57,"b:270:6:270:31:270:31:270:47":17,"s:271:4:276:Infinity":58,"b:272:12:272:30:272:30:272:Infinity":18,"b:274:28:274:53:274:53:274:58":19,"s:280:19:280:Infinity":59,"f:280:35:280:40":2,"s:280:51:280:69":60,"b:281:2:288:Infinity:undefined:undefined:undefined:undefined":20,"s:281:2:288:Infinity":61,"b:281:6:281:18:281:18:281:40":21,"s:282:4:287:Infinity":62,"b:291:2:298:Infinity:undefined:undefined:undefined:undefined":22,"s:291:2:298:Infinity":63,"s:292:4:297:Infinity":64,"s:300:2:305:Infinity":65,"f:312:15:312:Infinity":3,"s:317:16:317:Infinity":66,"b:317:16:317:34:317:34:317:Infinity":23,"s:318:21:318:Infinity":67,"b:318:21:318:41:318:41:318:Infinity":24,"s:319:17:319:Infinity":68,"b:321:2:323:Infinity:undefined:undefined:undefined:undefined":25,"s:321:2:323:Infinity":69,"s:322:4:322:Infinity":70,"s:325:23:325:Infinity":71,"s:356:19:359:Infinity":72,"s:361:14:375:Infinity":73,"b:377:2:379:Infinity:undefined:undefined:undefined:undefined":26,"s:377:2:379:Infinity":74,"s:378:4:378:Infinity":75,"s:381:15:381:Infinity":76,"s:382:8:382:Infinity":77,"b:382:19:382:56:382:56:382:60":27,"s:383:17:383:Infinity":78,"s:385:2:390:Infinity":79,"b:386:10:386:25:386:25:386:Infinity":28,"b:387:13:387:31:387:31:387:Infinity":29,"b:388:56:388:76:388:76:388:Inf
[...]
"column":4},"end":{"line":48,"column":null}},"11":{"start":{"line":49,"column":4},"end":{"line":49,"column":null}},"12":{"start":{"line":56,"column":0},"end":{"line":63,"column":null}},"13":{"start":{"line":57,"column":2},"end":{"line":62,"column":null}},"14":{"start":{"line":58,"column":22},"end":{"line":58,"column":null}},"15":{"start":{"line":59,"column":4},"end":{"line":59,"column":null}},"16":{"start":{"line":61,"column":4},"end":{"line":61,"column":null}},"17":{"start":{"line":68,"column":0},"end":{"line":84,"column":null}},"18":{"start":{"line":69,"column":21},"end":{"line":69,"column":null}},"19":{"start":{"line":71,"column":2},"end":{"line":73,"column":null}},"20":{"start":{"line":72,"column":4},"end":{"line":72,"column":null}},"21":{"start":{"line":75,"column":2},"end":{"line":83,"column":null}},"22":{"start":{"line":76,"column":4},"end":{"line":76,"column":null}},"23":{"start":{"line":77,"column":4},"end":{"line":80,"column":null}},"24":{"start":{"line":82,"column":4},"end":{"line":82,"column":null}},"25":{"start":{"line":86,"column":0},"end":{"line":139,"column":null}},"26":{"start":{"line":87,"column":18},"end":{"line":87,"column":null}},"27":{"start":{"line":88,"column":2},"end":{"line":94,"column":null}},"28":{"start":{"line":89,"column":4},"end":{"line":93,"column":null}},"29":{"start":{"line":96,"column":2},"end":{"line":98,"column":null}},"30":{"start":{"line":97,"column":4},"end":{"line":97,"column":null}},"31":{"start":{"line":100,"column":2},"end":{"line":138,"column":null}},"32":{"start":{"line":101,"column":26},"end":{"line":101,"column":null}},"33":{"start":{"line":102,"column":22},"end":{"line":102,"column":null}},"34":{"start":{"line":103,"column":19},"end":{"line":108,"column":null}},"35":{"start":{"line":111,"column":37},"end":{"line":111,"column":null}},"36":{"start":{"line":112,"column":37},"end":{"line":112,"column":null}},"37":{"start":{"line":113,"column":41},"end":{"line":113,"column":null}},"38":{"start":{"line":114,"column":39},"end":{"line":114,"column":null}},"39":{"start":{"line":116,"column":4},"end":{"line":126,"column":null}},"40":{"start":{"line":116,"column":17},"end":{"line":116,"column":20}},"41":{"start":{"line":117,"column":18},"end":{"line":117,"column":null}},"42":{"start":{"line":118,"column":6},"end":{"line":125,"column":null}},"43":{"start":{"line":119,"column":8},"end":{"line":119,"column":null}},"44":{"start":{"line":121,"column":32},"end":{"line":121,"column":null}},"45":{"start":{"line":122,"column":8},"end":{"line":122,"column":null}},"46":{"start":{"line":123,"column":8},"end":{"line":123,"column":null}},"47":{"start":{"line":124,"column":8},"end":{"line":124,"column":null}},"48":{"start":{"line":128,"column":4},"end":{"line":134,"column":null}},"49":{"start":{"line":136,"column":4},"end":{"line":136,"column":null}},"50":{"start":{"line":137,"column":4},"end":{"line":137,"column":null}}},"fnMap":{"0":{"name":"(anonymous_0)","decl":{"start":{"line":20,"column":32},"end":{"line":20,"column":39}},"loc":{"start":{"line":20,"column":45},"end":{"line":51,"column":1}},"line":20},"1":{"name":"(anonymous_1)","decl":{"start":{"line":56,"column":29},"end":{"line":56,"column":36}},"loc":{"start":{"line":56,"column":42},"end":{"line":63,"column":1}},"line":56},"2":{"name":"(anonymous_2)","decl":{"start":{"line":68,"column":31},"end":{"line":68,"column":38}},"loc":{"start":{"line":68,"column":44},"end":{"line":84,"column":1}},"line":68},"3":{"name":"(anonymous_3)","decl":{"start":{"line":86,"column":31},"end":{"line":86,"column":38}},"loc":{"start":{"line":86,"column":44},"end":{"line":139,"column":1}},"line":86}},"branchMap":{"0":{"loc":{"start":{"line":30,"column":2},"end":{"line":32,"column":null}},"type":"if","locations":[{"start":{"line":30,"column":2},"end":{"line":32,"column":null}},{"start":{},"end":{}}],"line":30},"1":{"loc":{"start":{"line":30,"column":6},"end":{"line":30,"column":36}},"type":"binary-expr","locations":[{"start":{"line":30,"column":6},"end":{"line":30,"column":21}},{"start":{"line":30,"column":21},"end":{"line":30,"column":36}}],"line":30},"2":{"loc":{"start":{"line":49,"column":27},"end":{"line":49,"column":51}},"type":"binary-expr","locations":[{"start":{"line":49,"column":27},"end":{"line":49,"column":42}},{"start":{"line":49,"column":42},"end":{"line":49,"column":51}}],"line":49},"3":{"loc":{"start":{"line":61,"column":27},"end":{"line":61,"column":53}},"type":"binary-expr","locations":[{"start":{"line":61,"column":27},"end":{"line":61,"column":42}},{"start":{"line":61,"column":42},"end":{"line":61,"column":53}}],"line":61},"4":{"loc":{"start":{"line":71,"column":2},"end":{"line":73,"column":null}},"type":"if","locations":[{"start":{"line":71,"column":2},"end":{"line":73,"column":null}},{"start":{},"end":{}}],"line":71},"5":{"loc":{"start":{"line":82,"column":27},"end":{"line":82,"column":49}},"type":"binary-expr","locations":[{"start":{"line":82,"column":27},"end":{"line":82,"column":42}},{"start":{"line":82,"column":42},"end":{"line":82,"column":49}}],"line":82},"6":{"loc":{"start":{"line":96,"column":2},"end":{"line":98,"column":null}},"type":"if","locations":[{"start":{"line":96,"column":2},"end":{"line":98,"column":null}},{"start":{},"end":{}}],"line":96},"7":{"loc":{"start":{"line":101,"column":26},"end":{"line":101,"column":null}},"type":"binary-expr","locations":[{"start":{"line":101,"column":26},"end":{"line":101,"column":39}},{"start":{"line":101,"column":39},"end":{"line":101,"column":null}}],"line":101},"8":{"loc":{"start":{"line":118,"column":6},"end":{"line":125,"column":null}},"type":"if","locations":[{"start":{"line":118,"column":6},"end":{"line":125,"column":null}},{"start":{},"end":{}}],"line":118},"9":{"loc":{"start":{"line":137,"column":27},"end":{"line":137,"column":49}},"type":"binary-expr","locations":[{"start":{"line":137,"column":27},"end":{"line":137,"column":42}},{"start":{"line":137,"column":42},"end":{"line":137,"column":49}}],"line":137}},"s":{"0":1,"1":1,"2":0,"3":0,"4":0,"5":0,"6":0,"7":0,"8":0,"9":0,"10":0,"11":0,"12":1,"13":0,"14":0,"15":0,"16":0,"17":1,"18":0,"19":0,"20":0,"21":0,"22":0,"23":0,"24":0,"25":1,"26":0,"27":0,"28":0,"29":0,"30":0,"31":0,"32":0,"33":0,"34":0,"35":0,"36":0,"37":0,"38":0,"39":0,"40":0,"41":0,"42":0,"43":0,"44":0,"45":0,"46":0,"47":0,"48":0,"49":0,"50":0},"f":{"0":0,"1":0,"2":0,"3":0},"b":{"0":[0,0],"1":[0,0],"2":[0,0],"3":[0,0],"4":[0,0],"5":[0,0],"6":[0,0],"7":[0,0],"8":[0,0],"9":[0,0]},"meta":{"lastBranch":10,"lastFunction":4,"lastStatement":51,"seen":{"s:13:31:13:Infinity":0,"s:20:0:51:Infinity":1,"f:20:32:20:39":0,"s:21:18:21:Infinity":2,"s:22:2:28:Infinity":3,"s:23:4:27:Infinity":4,"b:30:2:32:Infinity:undefined:undefined:undefined:undefined":0,"s:30:2:32:Infinity":5,"b:30:6:30:21:30:21:30:36":1,"s:31:4:31:Infinity":6,"s:34:2:50:Infinity":7,"s:35:19:39:Infinity":8,"s:41:4:46:Infinity":9,"s:48:4:48:Infinity":10,"s:49:4:49:Infinity":11,"b:49:27:49:42:49:42:49:51":2,"s:56:0:63:Infinity":12,"f:56:29:56:36":1,"s:57:2:62:Infinity":13,"s:58:22:58:Infinity":14,"s:59:4:59:Infinity":15,"s:61:4:61:Infinity":16,"b:61:27:61:42:61:42:61:53":3,"s:68:0:84:Infinity":17,"f:68:31:68:38":2,"s:69:21:69:Infinity":18,"b:71:2:73:Infinity:undefined:undefined:undefined:undefined":4,"s:71:2:73:Infinity":19,"s:72:4:72:Infinity":20,"s:75:2:83:Infinity":21,"s:76:4:76:Infinity":22,"s:77:4:80:Infinity":23,"s:82:4:82:Infinity":24,"b:82:27:82:42:82:42:82:49":5,"s:86:0:139:Infinity":25,"f:86:31:86:38":3,"s:87:18:87:Infinity":26,"s:88:2:94:Infinity":27,"s:89:4:93:Infinity":28,"b:96:2:98:Infinity:undefined:undefined:undefined:undefined":6,"s:96:2:98:Infinity":29,"s:97:4:97:Infinity":30,"s:100:2:138:Infinity":31,"s:101:26:101:Infinity":32,"b:101:26:101:39:101:39:101:Infinity":7,"s:102:22:102:Infinity":33,"s:103:19:108:Infinity":34,"s:111:37:111:Infinity":35,"s:112:37:112:Infinity":36,"s:113:41:113:Infinity":37,"s:114:39:114:Infinity":38,"s:116:4:126:Infinity":39,"s:116:17:116:20":40,"s:117:18:117:Infinity":41,"b:118:6:125:Infinity:undefined:undefined:undefined:undefined":8,"s:118:6:125:Infinity":42,"s:119:8:119:Infinity":43,"s:121:32:121:Infinity":44,"s:122:8:122:Infinity":45,"s:123:8:123:Infinity":46,"s:124:8:124:Infinity":47,"s:128:4:134:Infinity":48,"s:136:4:136:Infinity":49,"s:137:4:137:Infinity":50,"b:137:27:137:42:137:42:137:49":9},"fnNames":{}}}
,"/Users/chenhaoran/工程文件/心理大赛/worker/src/routes/onboarding.ts": {"path":"/Users/chenhaoran/工程文件/心理大赛/worker/src/routes/onboarding.ts","statementMap":{"0":{"start":{"line":5,"column":32},"end":{"line":5,"column":null}},"1":{"start":{"line":7,"column":22},"end":{"line":7,"column":null}},"2":{"start":{"line":39,"column":0},"end":{"line":83,"column":null}},"3":{"start":{"line":40,"column":2},"end":{"line":82,"column":null}},"4":{"start":{"line":41,"column":15},"end":{"line":41,"column":null}},"5":{"start":{"line":42,"column":4},"end":{"line":42,"column":null}},"6":{"start":{"line":42,"column":25},"end":{"line":42,"column":63}},"7":{"start":{"line":42,"column":63},"end":{"line":42,"column":83}},"8":{"start":{"line":44,"column":4},"end":{"line":46,"column":null}},"9":{"start":{"line":45,"column":6},"end":{"line":45,"column":null}},"10":{"start":{"line":48,"column":19},"end":{"line":48,"column":null}},"11":{"start":{"line":49,"column":18},"end":{"line":49,"column":null}},"12":{"start":{"line":52,"column":21},"end":{"line":60,"column":null}},"13":{"start":{"line":62,"column":20},"end":{"line":62,"column":null}},"14":{"start":{"line":66,"column":4},"end":{"line":76,"column":null}},"15":{"start":{"line":67,"column":6},"end":{"line":67,"column":null}},"16":{"start":{"line":69,"column":6},"end":{"line":69,"column":null}},"17":{"start":{"line":71,"column":6},"end":{"line":75,"column":null}},"18":{"start":{"line":78,"column":4},"end":{"line":78,"column":null}},"19":{"start":{"line":80,"column":4},"end":{"line":80,"column":null}},"20":{"start":{"line":81,"column":4},"end":{"line":81,"column":null}}},"fnMap":{"0":{"name":"(anonymous_0)","decl":{"start":{"line":39,"column":34},"end":{"line":39,"column":41}},"loc":{"start":{"line":39,"column":47},"end":{"line":83,"column":1}},"line":39}},"branchMap":{"0":{"loc":{"start":{"line":44,"column":4},"end":{"line":46,"column":null}},"type":"if","locations":[{"start":{"line":44,"column":4},"end":{"line":46,"column":null}},{"start":{},"end":{}}],"line":44},"1":{"loc":{"start":{"line":44,"column":8},"end":{"line":44,"column":31}},"type":"binary-expr","locations":[{"start":{"line":44,"column":8},"end":{"line":44,"column":17}},{"start":{"line":44,"column":17},"end":{"line":44,"column":31}}],"line":44},"2":{"loc":{"start":{"line":62,"column":20},"end":{"line":62,"column":null}},"type":"binary-expr","locations":[{"start":{"line":62,"column":20},"end":{"line":62,"column":61}},{"start":{"line":62,"column":61},"end":{"line":62,"column":null}}],"line":62}},"s":{"0":1,"1":1,"2":1,"3":0,"4":0,"5":0,"6":0,"7":0,"8":0,"9":0,"10":0,"11":0,"12":0,"13":0,"14":0,"15":0,"16":0,"17":0,"18":0,"19":0,"20":0},"f":{"0":0},"b":{"0":[0,0],"1":[0,0],"2":[0,0]},"meta":{"lastBranch":3,"lastFunction":1,"lastStatement":21,"seen":{"s:5:32:5:Infinity":0,"s:7:22:7:Infinity":1,"s:39:0:83:Infinity":2,"f:39:34:39:41":0,"s:40:2:82:Infinity":3,"s:41:15:41:Infinity":4,"s:42:4:42:Infinity":5,"s:42:25:42:63":6,"s:42:63:42:83":7,"b:44:4:46:Infinity:undefined:undefined:undefined:undefined":0,"s:44:4:46:Infinity":8,"b:44:8:44:17:44:17:44:31":1,"s:45:6:45:Infinity":9,"s:48:19:48:Infinity":10,"s:49:18:49:Infinity":11,"s:52:21:60:Infinity":12,"s:62:20:62:Infinity":13,"b:62:20:62:61:62:61:62:Infinity":2,"s:66:4:76:Infinity":14,"s:67:6:67:Infinity":15,"s:69:6:69:Infinity":16,"s:71:6:75:Infinity":17,"s:78:4:78:Infinity":18,"s:80:4:80:Infinity":19,"s:81:4:81:Infinity":20},"fnNames":{}}}
,"/Users/chenhaoran/工程文件/心理大赛/worker/src/routes/survey.ts": {"path":"/Users/chenhaoran/工程文件/心理大赛/worker/src/routes/survey.ts","statementMap":{"0":{"start":{"line":4,"column":28},"end":{"line":4,"column":null}},"1":{"start":{"line":10,"column":0},"end":{"line":54,"column":null}},"2":{"start":{"line":11,"column":2},"end":{"line":53,"column":null}},"3":{"start":{"line":12,"column":20},"end":{"line":12,"column":null}},"4":{"start":{"line":13,"column":4},"end":{"line":13,"column":null}},"5":{"start":{"line":13,"column":10},"end":{"line":13,"column":42}},"6":{"start":{"line":15,"column":15},"end":{"line":15,"column":null}},"7":{"start":{"line":16,"column":25},"end":{"line":16,"column":null}},"8":{"start":{"line":18,"column":4},"end":{"line":20,"column":null}},"9":{"start":{"line":19,"column":6},"end":{"line":19,"column":null}},"10":{"start":{"line":23,"column":15},"end":{"line":23,"column":null}},"11":{"start":{"line":24,"column":4},"end":{"line":29,"column":null}},"12":{"start":{"line":32,"column":20},"end":{"line":32,"column":null}},"13":{"start":{"line":35,"column":4},"end":{"line":37,"column":null}},"14":{"start":{"line":36,"column":6},"end":{"line":36,"column":null}},"15":{"start":{"line":38,"column":4},"end":{"line":40,"column":null}},"16":{"start":{"line":39,"column":6},"end":{"line":39,"column":null}},"17":{"start":{"line":43,"column":4},"end":{"line":47,"column":null}},"18":{"start":{"line":49,"column":4},"end":{"line":49,"column":null}},"19":{"start":{"line":51,"column":4},"end":{"line":51,"column":null}},"20":{"start":{"line":52,"column":4},"end":{"line":52,"column":null}},"21":{"start":{"line":60,"column":0},"end":{"line":101,"column":null}},"22":{"start":{"line":62,"column":21},"end":{"line":62,"column":null}},"23":{"start":{"line":63,"column":2},"end":{"line":65,"column":null}},"24":{"start":{"line":64,"column":4},"end":{"line":64,"column":null}},"25":{"start":{"line":66,"column":24},"end":{"line":66,"column":null}},"26":{"start":{"line":67,"column":2},"end":{"line":69,"column":null}},"27":{"start":{"line":68,"column":4},"end":{"line":68,"column":null}},"28":{"start":{"line":71,"column":2},"end":{"line":100,"column":null}},"29":{"start":{"line":72,"column":24},"end":{"line":75,"column":null}},"30":{"start":{"line":78,"column":26},"end":{"line":91,"column":null}},"31":{"start":{"line":79,"column":23},"end":{"line":79,"column":null}},"32":{"start":{"line":80,"column":6},"end":{"line":84,"column":null}},"33":{"start":{"line":81,"column":8},"end":{"line":81,"column":null}},"34":{"start":{"line":83,"column":8},"end":{"line":83,"column":null}},"35":{"start":{"line":85,"column":6},"end":{"line":90,"column":null}},"36":{"start":{"line":93,"column":4},"end":{"line":96,"column":null}},"37":{"start":{"line":98,"column":4},"end":{"line":98,"column":null}},"38":{"start":{"line":99,"column":4},"end":{"line":99,"column":null}}},"fnMap":{"0":{"name":"(anonymous_0)","decl":{"start":{"line":10,"column":29},"end":{"line":10,"column":36}},"loc":{"start":{"line":10,"column":42},"end":{"line":54,"column":1}},"line":10},"1":{"name":"(anonymous_1)","decl":{"start":{"line":60,"column":29},"end":{"line":60,"column":36}},"loc":{"start":{"line":60,"column":42},"end":{"line":101,"column":1}},"line":60},"2":{"name":"(anonymous_2)","decl":{"start":{"line":78,"column":34},"end":{"line":78,"column":39}},"loc":{"start":{"line":78,"column":52},"end":{"line":91,"column":5}},"line":78}},"branchMap":{"0":{"loc":{"start":{"line":16,"column":25},"end":{"line":16,"column":null}},"type":"binary-expr","locations":[{"start":{"line":16,"column":25},"end":{"line":16,"column":46}},{"start":{"line":16,"column":46},"end":{"line":16,"column":null}}],"line":16},"1":{"loc":{"start":{"line":18,"column":4},"end":{"line":20,"column":null}},"type":"if","locations":[{"start":{"line":18,"column":4},"end":{"line":20,"column":null}},{"start":{},"end":{}}],"line":18},"2":{"loc":{"start":{"line":25,"column":15},"end":{"line":25,"column":null}},"type":"binary-expr","locations":[{"start":{"line":25,"column":15},"end":{"line":25,"column":51}},{"start":{"line":25,"column":51},"end":{"line":25,"column":66}},{"start":{"line":25,"column":66},"end":{"line":25,"column":null}}],"line":25},"3":{"loc":{"start":{"line":26,"column":14},"end":{"line":26,"column":null}},"type":"binary-expr","locations":[{"start":{"line":26,"column":14},"end":{"line":26,"column":49}},{"start":{"line":26,"column":49},"end":{"line":26,"column":63}},{"start":{"line":26,"column":63},"end":{"line":26,"column":null}}],"line":26},"4":{"loc":{"start":{"line":27,"column":12},"end":{"line":27,"column":null}},"type":"binary-expr","locations":[{"start":{"line":27,"column":12},"end":{"line":27,"column":45}},{"start":{"line":27,"column":45},"end":{"line":27,"column":57}},{"start":{"line":27,"column":57},"end":{"line":27,"column":null}}],"line":27},"5":{"loc":{"start":{"line":28,"column":10},"end":{"line":28,"column":null}},"type":"binary-expr","locations":[{"start":{"line":28,"column":10},"end":{"line":28,"column":41}},{"start":{"line":28,"column":41},"end":{"line":28,"column":77}},{"start":{"line":28,"column":77},"end":{"line":28,"column":null}}],"line":28},"6":{"loc":{"start":{"line":35,"column":4},"end":{"line":37,"column":null}},"type":"if","locations":[{"start":{"line":35,"column":4},"end":{"line":37,"column":null}},{"start":{},"end":{}}],"line":35},"7":{"loc":{"start":{"line":38,"column":4},"end":{"line":40,"column":null}},"type":"if","locations":[{"start":{"line":38,"column":4},"end":{"line":40,"column":null}},{"start":{},"end":{}}],"line":38},"8":{"loc":{"start":{"line":38,"column":8},"end":{"line":38,"column":72}},"type":"binary-expr","locations":[{"start":{"line":38,"column":8},"end":{"line":38,"column":44}},{"start":{"line":38,"column":44},"end":{"line":38,"column":72}}],"line":38},"9":{"loc":{"start":{"line":63,"column":2},"end":{"line":65,"column":null}},"type":"if","locations":[{"start":{"line":63,"column":2},"end":{"line":65,"column":null}},{"start":{},"end":{}}],"line":63},"10":{"loc":{"start":{"line":67,"column":2},"end":{"line":69,"column":null}},"type":"if","locations":[{"start":{"line":67,"column":2},"end":{"line":69,"column":null}},{"start":{},"end":{}}],"line":67}},"s":{"0":1,"1":1,"2":0,"3":0,"4":0,"5":0,"6":0,"7":0,"8":0,"9":0,"10":0,"11":0,"12":0,"13":0,"14":0,"15":0,"16":0,"17":0,"18":0,"19":0,"20":0,"21":1,"22":0,"23":0,"24":0,"25":0,"26":0,"27":0,"28":0,"29":0,"30":0,"31":0,"32":0,"33":0,"34":0,"35":0,"36":0,"37":0,"38":0},"f":{"0":0,"1":0,"2":0},"b":{"0":[0,0],"1":[0,0],"2":[0,0,0],"3":[0,0,0],"4":[0,0,0],"5":[0,0,0],"6":[0,0],"7":[0,0],"8":[0,0],"9":[0,0],"10":[0,0]},"meta":{"lastBranch":11,"lastFunction":3,"lastStatement":39,"seen":{"s:4:28:4:Infinity":0,"s:10:0:54:Infinity":1,"f:10:29:10:36":0,"s:11:2:53:Infinity":2,"s:12:20:12:Infinity":3,"s:13:4:13:Infinity":4,"s:13:10:13:42":5,"s:15:15:15:Infinity":6,"s:16:25:16:Infinity":7,"b:16:25:16:46:16:46:16:Infinity":0,"b:18:4:20:Infinity:undefined:undefined:undefined:undefined":1,"s:18:4:20:Infinity":8,"s:19:6:19:Infinity":9,"s:23:15:23:Infinity":10,"s:24:4:29:Infinity":11,"b:25:15:25:51:25:51:25:66:25:66:25:Infinity":2,"b:26:14:26:49:26:49:26:63:26:63:26:Infinity":3,"b:27:12:27:45:27:45:27:57:27:57:27:Infinity":4,"b:28:10:28:41:28:41:28:77:28:77:28:Infinity":5,"s:32:20:32:Infinity":12,"b:35:4:37:Infinity:undefined:undefined:undefined:undefined":6,"s:35:4:37:Infinity":13,"s:36:6:36:Infinity":14,"b:38:4:40:Infinity:undefined:undefined:undefined:undefined":7,"s:38:4:40:Infinity":15,"b:38:8:38:44:38:44:38:72":8,"s:39:6:39:Infinity":16,"s:43:4:47:Infinity":17,"s:49:4:49:Infinity":18,"s:51:4:51:Infinity":19,"s:52:4:52:Infinity":20,"s:60:0:101:Infinity":21,"f:60:29:60:36":1,"s:62:21:62:Infinity":22,"b:63:2:65:Infinity:undefined:undefined:undefined:undefined":9,"s:63:2:65:Infinity":23,"s:64:4:64:Infinity":24,"s:66:24:66:Infinity":25,"b:67:2:69:Infinity:undefined:undefined:undefined:undefined":10,"s:67:2:69:Infinity":26,"s:68:4:68:Infinity":27,"s:71:2:100:Infinity":28,"s:72:24:75:Infinity":29,"s:78:26:91:Infinity":30,"f:78:34:78:39":2,"s:79:23:79:Infinity":31,"s:80:6:84:Infinity":32,"s:81:8:81:Infinity":33,"s:83:8:83:Infinity":34,"s:85:6:90:Infinity":35,"s:93:4:96:Infinity":36,"s:98:4:98:Infinity":37,"s:99:4:99:Infinity":38},"fnNames":{}}}
}
